{"numFailedTestSuites":3,"numFailedTests":15,"numPassedTestSuites":50,"numPassedTests":211,"numPendingTestSuites":0,"numPendingTests":0,"numRuntimeErrorTestSuites":0,"numTodoTests":0,"numTotalTestSuites":53,"numTotalTests":226,"openHandles":[],"snapshot":{"added":0,"didUpdate":false,"failure":false,"filesAdded":0,"filesRemoved":0,"filesRemovedList":[],"filesUnmatched":0,"filesUpdated":0,"matched":0,"total":0,"unchecked":0,"uncheckedKeysByFile":[],"unmatched":0,"updated":0},"startTime":1783797592505,"success":false,"testResults":[{"assertionResults":[{"ancestorTitles":["sendOrderCreatedNotification chat routing"],"duration":8,"failing":false,"failureDetails":[{"code":"MODULE_NOT_FOUND","moduleName":"../../../../src/services/telegramOrderNotificationLib/constants","_originalMessage":"Cannot find module '../../../../src/services/telegramOrderNotificationLib/constants' from 'tests/jest/services/telegram/sendOrderCreated.chatRouting.test.js'"}],"failureMessages":["Error: Cannot find module '../../../../src/services/telegramOrderNotificationLib/constants' from 'tests/jest/services/telegram/sendOrderCreated.chatRouting.test.js'\n    at Resolver._throwModNotFoundError (E:\\Project\\admin_store\\admin_orderlist\\backend\\node_modules\\jest-resolve\\build\\index.js:863:11)\n    at Resolver.resolveModule (E:\\Project\\admin_store\\admin_orderlist\\backend\\node_modules\\jest-resolve\\build\\index.js:810:10)\n    at Resolver._getVirtualMockPath (E:\\Project\\admin_store\\admin_orderlist\\backend\\node_modules\\jest-resolve\\build\\index.js:1004:84)\n    at Resolver._getAbsolutePath (E:\\Project\\admin_store\\admin_orderlist\\backend\\node_modules\\jest-resolve\\build\\index.js:984:98)\n    at Resolver.getModuleID (E:\\Project\\admin_store\\admin_orderlist\\backend\\node_modules\\jest-resolve\\build\\index.js:949:31)\n    at Runtime.setMock (E:\\Project\\admin_store\\admin_orderlist\\backend\\node_modules\\jest-runtime\\build\\index.js:1083:37)\n    at setMockFactory (E:\\Project\\admin_store\\admin_orderlist\\backend\\node_modules\\jest-runtime\\build\\index.js:1650:12)\n    at Object.mock (E:\\Project\\admin_store\\admin_orderlist\\backend\\node_modules\\jest-runtime\\build\\index.js:1637:16)\n    at doMock (E:\\Project\\admin_store\\admin_orderlist\\backend\\tests\\jest\\services\\telegram\\sendOrderCreated.chatRouting.test.js:25:10)\n    at Object.buildHarness (E:\\Project\\admin_store\\admin_orderlist\\backend\\tests\\jest\\services\\telegram\\sendOrderCreated.chatRouting.test.js:87:7)\n    at Promise.finally.completed (E:\\Project\\admin_store\\admin_orderlist\\backend\\node_modules\\jest-circus\\build\\jestAdapterInit.js:1557:28)\n    at new Promise (<anonymous>)\n    at callAsyncCircusFn (E:\\Project\\admin_store\\admin_orderlist\\backend\\node_modules\\jest-circus\\build\\jestAdapterInit.js:1497:10)\n    at _callCircusTest (E:\\Project\\admin_store\\admin_orderlist\\backend\\node_modules\\jest-circus\\build\\jestAdapterInit.js:1007:40)\n    at processTicksAndRejections (node:internal/process/task_queues:105:5)\n    at _runTest (E:\\Project\\admin_store\\admin_orderlist\\backend\\node_modules\\jest-circus\\build\\jestAdapterInit.js:947:3)\n    at E:\\Project\\admin_store\\admin_orderlist\\backend\\node_modules\\jest-circus\\build\\jestAdapterInit.js:849:7\n    at _runTestsForDescribeBlock (E:\\Project\\admin_store\\admin_orderlist\\backend\\node_modules\\jest-circus\\build\\jestAdapterInit.js:862:11)\n    at _runTestsForDescribeBlock (E:\\Project\\admin_store\\admin_orderlist\\backend\\node_modules\\jest-circus\\build\\jestAdapterInit.js:857:11)\n    at run (E:\\Project\\admin_store\\admin_orderlist\\backend\\node_modules\\jest-circus\\build\\jestAdapterInit.js:761:3)\n    at runAndTransformResultsToJestFormat (E:\\Project\\admin_store\\admin_orderlist\\backend\\node_modules\\jest-circus\\build\\jestAdapterInit.js:1918:21)\n    at jestAdapter (E:\\Project\\admin_store\\admin_orderlist\\backend\\node_modules\\jest-circus\\build\\runner.js:101:19)\n    at runTestInternal (E:\\Project\\admin_store\\admin_orderlist\\backend\\node_modules\\jest-runner\\build\\testWorker.js:275:16)\n    at runTest (E:\\Project\\admin_store\\admin_orderlist\\backend\\node_modules\\jest-runner\\build\\testWorker.js:343:7)\n    at Object.worker (E:\\Project\\admin_store\\admin_orderlist\\backend\\node_modules\\jest-runner\\build\\testWorker.js:497:12)"],"fullName":"sendOrderCreatedNotification chat routing uses TELEGRAM_CHAT_ID for import orders","invocations":1,"location":null,"numPassingAsserts":0,"retryReasons":[],"startAt":1783797593697,"status":"failed","title":"uses TELEGRAM_CHAT_ID for import orders"}],"endTime":1783797593725,"message":"  ● sendOrderCreatedNotification chat routing › uses TELEGRAM_CHAT_ID for import orders\n\n    Cannot find module '../../../../src/services/telegramOrderNotificationLib/constants' from 'tests/jest/services/telegram/sendOrderCreated.chatRouting.test.js'\n\n    \u001b[0m \u001b[90m 23 |\u001b[39m       isMavnImportOrder\u001b[33m:\u001b[39m jest\u001b[33m.\u001b[39mfn(() \u001b[33m=>\u001b[39m isImport)\u001b[33m,\u001b[39m\n     \u001b[90m 24 |\u001b[39m     }))\u001b[33m;\u001b[39m\n    \u001b[31m\u001b[1m>\u001b[22m\u001b[39m\u001b[90m 25 |\u001b[39m     jest\u001b[33m.\u001b[39mdoMock(\n     \u001b[90m    |\u001b[39m          \u001b[31m\u001b[1m^\u001b[22m\u001b[39m\n     \u001b[90m 26 |\u001b[39m       \u001b[32m\"../../../../src/services/telegramOrderNotificationLib/constants\"\u001b[39m\u001b[33m,\u001b[39m\n     \u001b[90m 27 |\u001b[39m       () \u001b[33m=>\u001b[39m ({\n     \u001b[90m 28 |\u001b[39m         \u001b[33mSEND_ORDER_NOTIFICATION\u001b[39m\u001b[33m:\u001b[39m \u001b[36mtrue\u001b[39m\u001b[33m,\u001b[39m\u001b[0m\n\n      at Resolver._throwModNotFoundError (node_modules/jest-resolve/build/index.js:863:11)\n      at doMock (tests/jest/services/telegram/sendOrderCreated.chatRouting.test.js:25:10)\n      at Object.buildHarness (tests/jest/services/telegram/sendOrderCreated.chatRouting.test.js:87:7)\n","name":"E:\\Project\\admin_store\\admin_orderlist\\backend\\tests\\jest\\services\\telegram\\sendOrderCreated.chatRouting.test.js","startTime":1783797592997,"status":"failed","summary":""},{"assertionResults":[{"ancestorTitles":["telegramOrderNotificationLib httpClient"],"duration":52,"failing":false,"failureDetails":[{"code":"MODULE_NOT_FOUND","hint":"","siblingWithSimilarExtensionFound":false,"moduleName":"../../../src/services/telegramOrderNotificationLib/httpClient","_originalMessage":"Cannot find module '../../../src/services/telegramOrderNotificationLib/httpClient' from 'tests/jest/services/telegramOrderNotificationLib.httpClient.test.js'"}],"failureMessages":["Error: Cannot find module '../../../src/services/telegramOrderNotificationLib/httpClient' from 'tests/jest/services/telegramOrderNotificationLib.httpClient.test.js'\n    at Resolver._throwModNotFoundError (E:\\Project\\admin_store\\admin_orderlist\\backend\\node_modules\\jest-resolve\\build\\index.js:863:11)\n    at Resolver.resolveModule (E:\\Project\\admin_store\\admin_orderlist\\backend\\node_modules\\jest-resolve\\build\\index.js:810:10)\n    at Resolver._getVirtualMockPath (E:\\Project\\admin_store\\admin_orderlist\\backend\\node_modules\\jest-resolve\\build\\index.js:1004:84)\n    at Resolver._getAbsolutePath (E:\\Project\\admin_store\\admin_orderlist\\backend\\node_modules\\jest-resolve\\build\\index.js:984:98)\n    at Resolver.getModuleID (E:\\Project\\admin_store\\admin_orderlist\\backend\\node_modules\\jest-resolve\\build\\index.js:949:31)\n    at Runtime._shouldMockCjs (E:\\Project\\admin_store\\admin_orderlist\\backend\\node_modules\\jest-runtime\\build\\index.js:1486:37)\n    at Runtime.requireModuleOrMock (E:\\Project\\admin_store\\admin_orderlist\\backend\\node_modules\\jest-runtime\\build\\index.js:961:16)\n    at Object.require (E:\\Project\\admin_store\\admin_orderlist\\backend\\tests\\jest\\services\\telegramOrderNotificationLib.httpClient.test.js:45:26)\n    at Promise.finally.completed (E:\\Project\\admin_store\\admin_orderlist\\backend\\node_modules\\jest-circus\\build\\jestAdapterInit.js:1557:28)\n    at new Promise (<anonymous>)\n    at callAsyncCircusFn (E:\\Project\\admin_store\\admin_orderlist\\backend\\node_modules\\jest-circus\\build\\jestAdapterInit.js:1497:10)\n    at _callCircusTest (E:\\Project\\admin_store\\admin_orderlist\\backend\\node_modules\\jest-circus\\build\\jestAdapterInit.js:1007:40)\n    at processTicksAndRejections (node:internal/process/task_queues:105:5)\n    at _runTest (E:\\Project\\admin_store\\admin_orderlist\\backend\\node_modules\\jest-circus\\build\\jestAdapterInit.js:947:3)\n    at E:\\Project\\admin_store\\admin_orderlist\\backend\\node_modules\\jest-circus\\build\\jestAdapterInit.js:849:7\n    at _runTestsForDescribeBlock (E:\\Project\\admin_store\\admin_orderlist\\backend\\node_modules\\jest-circus\\build\\jestAdapterInit.js:862:11)\n    at _runTestsForDescribeBlock (E:\\Project\\admin_store\\admin_orderlist\\backend\\node_modules\\jest-circus\\build\\jestAdapterInit.js:857:11)\n    at run (E:\\Project\\admin_store\\admin_orderlist\\backend\\node_modules\\jest-circus\\build\\jestAdapterInit.js:761:3)\n    at runAndTransformResultsToJestFormat (E:\\Project\\admin_store\\admin_orderlist\\backend\\node_modules\\jest-circus\\build\\jestAdapterInit.js:1918:21)\n    at jestAdapter (E:\\Project\\admin_store\\admin_orderlist\\backend\\node_modules\\jest-circus\\build\\runner.js:101:19)\n    at runTestInternal (E:\\Project\\admin_store\\admin_orderlist\\backend\\node_modules\\jest-runner\\build\\testWorker.js:275:16)\n    at runTest (E:\\Project\\admin_store\\admin_orderlist\\backend\\node_modules\\jest-runner\\build\\testWorker.js:343:7)\n    at Object.worker (E:\\Project\\admin_store\\admin_orderlist\\backend\\node_modules\\jest-runner\\build\\testWorker.js:497:12)"],"fullName":"telegramOrderNotificationLib httpClient sends a Telegram payload once through https and does not call fetch","invocations":1,"location":null,"numPassingAsserts":0,"retryReasons":[],"startAt":1783797593596,"status":"failed","title":"sends a Telegram payload once through https and does not call fetch"},{"ancestorTitles":["telegramOrderNotificationLib httpClient"],"duration":41,"failing":false,"failureDetails":[{"code":"MODULE_NOT_FOUND","hint":"","siblingWithSimilarExtensionFound":false,"moduleName":"../../../src/services/telegramOrderNotificationLib/httpClient","_originalMessage":"Cannot find module '../../../src/services/telegramOrderNotificationLib/httpClient' from 'tests/jest/services/telegramOrderNotificationLib.httpClient.test.js'"}],"failureMessages":["Error: Cannot find module '../../../src/services/telegramOrderNotificationLib/httpClient' from 'tests/jest/services/telegramOrderNotificationLib.httpClient.test.js'\n    at Resolver._throwModNotFoundError (E:\\Project\\admin_store\\admin_orderlist\\backend\\node_modules\\jest-resolve\\build\\index.js:863:11)\n    at Resolver.resolveModule (E:\\Project\\admin_store\\admin_orderlist\\backend\\node_modules\\jest-resolve\\build\\index.js:810:10)\n    at Resolver._getVirtualMockPath (E:\\Project\\admin_store\\admin_orderlist\\backend\\node_modules\\jest-resolve\\build\\index.js:1004:84)\n    at Resolver._getAbsolutePath (E:\\Project\\admin_store\\admin_orderlist\\backend\\node_modules\\jest-resolve\\build\\index.js:984:98)\n    at Resolver.getModuleID (E:\\Project\\admin_store\\admin_orderlist\\backend\\node_modules\\jest-resolve\\build\\index.js:949:31)\n    at Runtime._shouldMockCjs (E:\\Project\\admin_store\\admin_orderlist\\backend\\node_modules\\jest-runtime\\build\\index.js:1486:37)\n    at Runtime.requireModuleOrMock (E:\\Project\\admin_store\\admin_orderlist\\backend\\node_modules\\jest-runtime\\build\\index.js:961:16)\n    at Object.require (E:\\Project\\admin_store\\admin_orderlist\\backend\\tests\\jest\\services\\telegramOrderNotificationLib.httpClient.test.js:100:26)\n    at Promise.finally.completed (E:\\Project\\admin_store\\admin_orderlist\\backend\\node_modules\\jest-circus\\build\\jestAdapterInit.js:1557:28)\n    at new Promise (<anonymous>)\n    at callAsyncCircusFn (E:\\Project\\admin_store\\admin_orderlist\\backend\\node_modules\\jest-circus\\build\\jestAdapterInit.js:1497:10)\n    at _callCircusTest (E:\\Project\\admin_store\\admin_orderlist\\backend\\node_modules\\jest-circus\\build\\jestAdapterInit.js:1007:40)\n    at processTicksAndRejections (node:internal/process/task_queues:105:5)\n    at _runTest (E:\\Project\\admin_store\\admin_orderlist\\backend\\node_modules\\jest-circus\\build\\jestAdapterInit.js:947:3)\n    at E:\\Project\\admin_store\\admin_orderlist\\backend\\node_modules\\jest-circus\\build\\jestAdapterInit.js:849:7\n    at _runTestsForDescribeBlock (E:\\Project\\admin_store\\admin_orderlist\\backend\\node_modules\\jest-circus\\build\\jestAdapterInit.js:862:11)\n    at _runTestsForDescribeBlock (E:\\Project\\admin_store\\admin_orderlist\\backend\\node_modules\\jest-circus\\build\\jestAdapterInit.js:857:11)\n    at run (E:\\Project\\admin_store\\admin_orderlist\\backend\\node_modules\\jest-circus\\build\\jestAdapterInit.js:761:3)\n    at runAndTransformResultsToJestFormat (E:\\Project\\admin_store\\admin_orderlist\\backend\\node_modules\\jest-circus\\build\\jestAdapterInit.js:1918:21)\n    at jestAdapter (E:\\Project\\admin_store\\admin_orderlist\\backend\\node_modules\\jest-circus\\build\\runner.js:101:19)\n    at runTestInternal (E:\\Project\\admin_store\\admin_orderlist\\backend\\node_modules\\jest-runner\\build\\testWorker.js:275:16)\n    at runTest (E:\\Project\\admin_store\\admin_orderlist\\backend\\node_modules\\jest-runner\\build\\testWorker.js:343:7)\n    at Object.worker (E:\\Project\\admin_store\\admin_orderlist\\backend\\node_modules\\jest-runner\\build\\testWorker.js:497:12)"],"fullName":"telegramOrderNotificationLib httpClient does not pass undefined DNS results to https lookup callback","invocations":1,"location":null,"numPassingAsserts":0,"retryReasons":[],"startAt":1783797593652,"status":"failed","title":"does not pass undefined DNS results to https lookup callback"},{"ancestorTitles":["telegramOrderNotificationLib httpClient"],"duration":2,"failing":false,"failureDetails":[{"code":"MODULE_NOT_FOUND","hint":"","siblingWithSimilarExtensionFound":false,"moduleName":"../../../src/services/telegramOrderNotificationLib/httpClient","_originalMessage":"Cannot find module '../../../src/services/telegramOrderNotificationLib/httpClient' from 'tests/jest/services/telegramOrderNotificationLib.httpClient.test.js'"}],"failureMessages":["Error: Cannot find module '../../../src/services/telegramOrderNotificationLib/httpClient' from 'tests/jest/services/telegramOrderNotificationLib.httpClient.test.js'\n    at Resolver._throwModNotFoundError (E:\\Project\\admin_store\\admin_orderlist\\backend\\node_modules\\jest-resolve\\build\\index.js:863:11)\n    at Resolver.resolveModule (E:\\Project\\admin_store\\admin_orderlist\\backend\\node_modules\\jest-resolve\\build\\index.js:810:10)\n    at Resolver._getVirtualMockPath (E:\\Project\\admin_store\\admin_orderlist\\backend\\node_modules\\jest-resolve\\build\\index.js:1004:84)\n    at Resolver._getAbsolutePath (E:\\Project\\admin_store\\admin_orderlist\\backend\\node_modules\\jest-resolve\\build\\index.js:984:98)\n    at Resolver.getModuleID (E:\\Project\\admin_store\\admin_orderlist\\backend\\node_modules\\jest-resolve\\build\\index.js:949:31)\n    at Runtime._shouldMockCjs (E:\\Project\\admin_store\\admin_orderlist\\backend\\node_modules\\jest-runtime\\build\\index.js:1486:37)\n    at Runtime.requireModuleOrMock (E:\\Project\\admin_store\\admin_orderlist\\backend\\node_modules\\jest-runtime\\build\\index.js:961:16)\n    at Object.require (E:\\Project\\admin_store\\admin_orderlist\\backend\\tests\\jest\\services\\telegramOrderNotificationLib.httpClient.test.js:148:26)\n    at Promise.finally.completed (E:\\Project\\admin_store\\admin_orderlist\\backend\\node_modules\\jest-circus\\build\\jestAdapterInit.js:1557:28)\n    at new Promise (<anonymous>)\n    at callAsyncCircusFn (E:\\Project\\admin_store\\admin_orderlist\\backend\\node_modules\\jest-circus\\build\\jestAdapterInit.js:1497:10)\n    at _callCircusTest (E:\\Project\\admin_store\\admin_orderlist\\backend\\node_modules\\jest-circus\\build\\jestAdapterInit.js:1007:40)\n    at processTicksAndRejections (node:internal/process/task_queues:105:5)\n    at _runTest (E:\\Project\\admin_store\\admin_orderlist\\backend\\node_modules\\jest-circus\\build\\jestAdapterInit.js:947:3)\n    at E:\\Project\\admin_store\\admin_orderlist\\backend\\node_modules\\jest-circus\\build\\jestAdapterInit.js:849:7\n    at _runTestsForDescribeBlock (E:\\Project\\admin_store\\admin_orderlist\\backend\\node_modules\\jest-circus\\build\\jestAdapterInit.js:862:11)\n    at _runTestsForDescribeBlock (E:\\Project\\admin_store\\admin_orderlist\\backend\\node_modules\\jest-circus\\build\\jestAdapterInit.js:857:11)\n    at run (E:\\Project\\admin_store\\admin_orderlist\\backend\\node_modules\\jest-circus\\build\\jestAdapterInit.js:761:3)\n    at runAndTransformResultsToJestFormat (E:\\Project\\admin_store\\admin_orderlist\\backend\\node_modules\\jest-circus\\build\\jestAdapterInit.js:1918:21)\n    at jestAdapter (E:\\Project\\admin_store\\admin_orderlist\\backend\\node_modules\\jest-circus\\build\\runner.js:101:19)\n    at runTestInternal (E:\\Project\\admin_store\\admin_orderlist\\backend\\node_modules\\jest-runner\\build\\testWorker.js:275:16)\n    at runTest (E:\\Project\\admin_store\\admin_orderlist\\backend\\node_modules\\jest-runner\\build\\testWorker.js:343:7)\n    at Object.worker (E:\\Project\\admin_store\\admin_orderlist\\backend\\node_modules\\jest-runner\\build\\testWorker.js:497:12)"],"fullName":"telegramOrderNotificationLib httpClient returns address arrays when Node requests lookup with all=true","invocations":1,"location":null,"numPassingAsserts":0,"retryReasons":[],"startAt":1783797593694,"status":"failed","title":"returns address arrays when Node requests lookup with all=true"},{"ancestorTitles":["telegramOrderNotificationLib httpClient"],"duration":1,"failing":false,"failureDetails":[{"code":"MODULE_NOT_FOUND","hint":"","siblingWithSimilarExtensionFound":false,"moduleName":"../../../src/services/telegramOrderNotificationLib/httpClient","_originalMessage":"Cannot find module '../../../src/services/telegramOrderNotificationLib/httpClient' from 'tests/jest/services/telegramOrderNotificationLib.httpClient.test.js'"}],"failureMessages":["Error: Cannot find module '../../../src/services/telegramOrderNotificationLib/httpClient' from 'tests/jest/services/telegramOrderNotificationLib.httpClient.test.js'\n    at Resolver._throwModNotFoundError (E:\\Project\\admin_store\\admin_orderlist\\backend\\node_modules\\jest-resolve\\build\\index.js:863:11)\n    at Resolver.resolveModule (E:\\Project\\admin_store\\admin_orderlist\\backend\\node_modules\\jest-resolve\\build\\index.js:810:10)\n    at Resolver._getVirtualMockPath (E:\\Project\\admin_store\\admin_orderlist\\backend\\node_modules\\jest-resolve\\build\\index.js:1004:84)\n    at Resolver._getAbsolutePath (E:\\Project\\admin_store\\admin_orderlist\\backend\\node_modules\\jest-resolve\\build\\index.js:984:98)\n    at Resolver.getModuleID (E:\\Project\\admin_store\\admin_orderlist\\backend\\node_modules\\jest-resolve\\build\\index.js:949:31)\n    at Runtime._shouldMockCjs (E:\\Project\\admin_store\\admin_orderlist\\backend\\node_modules\\jest-runtime\\build\\index.js:1486:37)\n    at Runtime.requireModuleOrMock (E:\\Project\\admin_store\\admin_orderlist\\backend\\node_modules\\jest-runtime\\build\\index.js:961:16)\n    at Object.require (E:\\Project\\admin_store\\admin_orderlist\\backend\\tests\\jest\\services\\telegramOrderNotificationLib.httpClient.test.js:187:26)\n    at Promise.finally.completed (E:\\Project\\admin_store\\admin_orderlist\\backend\\node_modules\\jest-circus\\build\\jestAdapterInit.js:1557:28)\n    at new Promise (<anonymous>)\n    at callAsyncCircusFn (E:\\Project\\admin_store\\admin_orderlist\\backend\\node_modules\\jest-circus\\build\\jestAdapterInit.js:1497:10)\n    at _callCircusTest (E:\\Project\\admin_store\\admin_orderlist\\backend\\node_modules\\jest-circus\\build\\jestAdapterInit.js:1007:40)\n    at processTicksAndRejections (node:internal/process/task_queues:105:5)\n    at _runTest (E:\\Project\\admin_store\\admin_orderlist\\backend\\node_modules\\jest-circus\\build\\jestAdapterInit.js:947:3)\n    at E:\\Project\\admin_store\\admin_orderlist\\backend\\node_modules\\jest-circus\\build\\jestAdapterInit.js:849:7\n    at _runTestsForDescribeBlock (E:\\Project\\admin_store\\admin_orderlist\\backend\\node_modules\\jest-circus\\build\\jestAdapterInit.js:862:11)\n    at _runTestsForDescribeBlock (E:\\Project\\admin_store\\admin_orderlist\\backend\\node_modules\\jest-circus\\build\\jestAdapterInit.js:857:11)\n    at run (E:\\Project\\admin_store\\admin_orderlist\\backend\\node_modules\\jest-circus\\build\\jestAdapterInit.js:761:3)\n    at runAndTransformResultsToJestFormat (E:\\Project\\admin_store\\admin_orderlist\\backend\\node_modules\\jest-circus\\build\\jestAdapterInit.js:1918:21)\n    at jestAdapter (E:\\Project\\admin_store\\admin_orderlist\\backend\\node_modules\\jest-circus\\build\\runner.js:101:19)\n    at runTestInternal (E:\\Project\\admin_store\\admin_orderlist\\backend\\node_modules\\jest-runner\\build\\testWorker.js:275:16)\n    at runTest (E:\\Project\\admin_store\\admin_orderlist\\backend\\node_modules\\jest-runner\\build\\testWorker.js:343:7)\n    at Object.worker (E:\\Project\\admin_store\\admin_orderlist\\backend\\node_modules\\jest-runner\\build\\testWorker.js:497:12)"],"fullName":"telegramOrderNotificationLib httpClient rejects with a DNS error when lookup returns no valid IP address","invocations":1,"location":null,"numPassingAsserts":0,"retryReasons":[],"startAt":1783797593697,"status":"failed","title":"rejects with a DNS error when lookup returns no valid IP address"}],"endTime":1783797593733,"message":"  ● telegramOrderNotificationLib httpClient › sends a Telegram payload once through https and does not call fetch\n\n    Cannot find module '../../../src/services/telegramOrderNotificationLib/httpClient' from 'tests/jest/services/telegramOrderNotificationLib.httpClient.test.js'\n\n    \u001b[0m \u001b[90m 43 |\u001b[39m     global\u001b[33m.\u001b[39mfetch \u001b[33m=\u001b[39m jest\u001b[33m.\u001b[39mfn()\u001b[33m;\u001b[39m\n     \u001b[90m 44 |\u001b[39m\n    \u001b[31m\u001b[1m>\u001b[22m\u001b[39m\u001b[90m 45 |\u001b[39m     \u001b[36mconst\u001b[39m { postJson } \u001b[33m=\u001b[39m require(\u001b[32m\"../../../src/services/telegramOrderNotificationLib/httpClient\"\u001b[39m)\u001b[33m;\u001b[39m\n     \u001b[90m    |\u001b[39m                          \u001b[31m\u001b[1m^\u001b[22m\u001b[39m\n     \u001b[90m 46 |\u001b[39m     \u001b[36mconst\u001b[39m response \u001b[33m=\u001b[39m \u001b[36mawait\u001b[39m postJson(\u001b[32m\"https://api.telegram.org/botTOKEN/sendMessage\"\u001b[39m\u001b[33m,\u001b[39m {\n     \u001b[90m 47 |\u001b[39m       text\u001b[33m:\u001b[39m \u001b[32m\"test\"\u001b[39m\u001b[33m,\u001b[39m\n     \u001b[90m 48 |\u001b[39m     })\u001b[33m;\u001b[39m\u001b[0m\n\n      at Resolver._throwModNotFoundError (node_modules/jest-resolve/build/index.js:863:11)\n      at Object.require (tests/jest/services/telegramOrderNotificationLib.httpClient.test.js:45:26)\n\n  ● telegramOrderNotificationLib httpClient › does not pass undefined DNS results to https lookup callback\n\n    Cannot find module '../../../src/services/telegramOrderNotificationLib/httpClient' from 'tests/jest/services/telegramOrderNotificationLib.httpClient.test.js'\n\n    \u001b[0m \u001b[90m  98 |\u001b[39m     }))\u001b[33m;\u001b[39m\n     \u001b[90m  99 |\u001b[39m\n    \u001b[31m\u001b[1m>\u001b[22m\u001b[39m\u001b[90m 100 |\u001b[39m     \u001b[36mconst\u001b[39m { postJson } \u001b[33m=\u001b[39m require(\u001b[32m\"../../../src/services/telegramOrderNotificationLib/httpClient\"\u001b[39m)\u001b[33m;\u001b[39m\n     \u001b[90m     |\u001b[39m                          \u001b[31m\u001b[1m^\u001b[22m\u001b[39m\n     \u001b[90m 101 |\u001b[39m     \u001b[36mconst\u001b[39m response \u001b[33m=\u001b[39m \u001b[36mawait\u001b[39m postJson(\u001b[32m\"https://api.telegram.org/botTOKEN/sendMessage\"\u001b[39m\u001b[33m,\u001b[39m {\n     \u001b[90m 102 |\u001b[39m       text\u001b[33m:\u001b[39m \u001b[32m\"test\"\u001b[39m\u001b[33m,\u001b[39m\n     \u001b[90m 103 |\u001b[39m     })\u001b[33m;\u001b[39m\u001b[0m\n\n      at Resolver._throwModNotFoundError (node_modules/jest-resolve/build/index.js:863:11)\n      at Object.require (tests/jest/services/telegramOrderNotificationLib.httpClient.test.js:100:26)\n\n  ● telegramOrderNotificationLib httpClient › returns address arrays when Node requests lookup with all=true\n\n    Cannot find module '../../../src/services/telegramOrderNotificationLib/httpClient' from 'tests/jest/services/telegramOrderNotificationLib.httpClient.test.js'\n\n    \u001b[0m \u001b[90m 146 |\u001b[39m     }))\u001b[33m;\u001b[39m\n     \u001b[90m 147 |\u001b[39m\n    \u001b[31m\u001b[1m>\u001b[22m\u001b[39m\u001b[90m 148 |\u001b[39m     \u001b[36mconst\u001b[39m { postJson } \u001b[33m=\u001b[39m require(\u001b[32m\"../../../src/services/telegramOrderNotificationLib/httpClient\"\u001b[39m)\u001b[33m;\u001b[39m\n     \u001b[90m     |\u001b[39m                          \u001b[31m\u001b[1m^\u001b[22m\u001b[39m\n     \u001b[90m 149 |\u001b[39m     \u001b[36mconst\u001b[39m response \u001b[33m=\u001b[39m \u001b[36mawait\u001b[39m postJson(\u001b[32m\"https://api.telegram.org/botTOKEN/sendMessage\"\u001b[39m\u001b[33m,\u001b[39m {\n     \u001b[90m 150 |\u001b[39m       text\u001b[33m:\u001b[39m \u001b[32m\"test\"\u001b[39m\u001b[33m,\u001b[39m\n     \u001b[90m 151 |\u001b[39m     })\u001b[33m;\u001b[39m\u001b[0m\n\n      at Resolver._throwModNotFoundError (node_modules/jest-resolve/build/index.js:863:11)\n      at Object.require (tests/jest/services/telegramOrderNotificationLib.httpClient.test.js:148:26)\n\n  ● telegramOrderNotificationLib httpClient › rejects with a DNS error when lookup returns no valid IP address\n\n    Cannot find module '../../../src/services/telegramOrderNotificationLib/httpClient' from 'tests/jest/services/telegramOrderNotificationLib.httpClient.test.js'\n\n    \u001b[0m \u001b[90m 185 |\u001b[39m     }))\u001b[33m;\u001b[39m\n     \u001b[90m 186 |\u001b[39m\n    \u001b[31m\u001b[1m>\u001b[22m\u001b[39m\u001b[90m 187 |\u001b[39m     \u001b[36mconst\u001b[39m { postJson } \u001b[33m=\u001b[39m require(\u001b[32m\"../../../src/services/telegramOrderNotificationLib/httpClient\"\u001b[39m)\u001b[33m;\u001b[39m\n     \u001b[90m     |\u001b[39m                          \u001b[31m\u001b[1m^\u001b[22m\u001b[39m\n     \u001b[90m 188 |\u001b[39m\n     \u001b[90m 189 |\u001b[39m     \u001b[36mawait\u001b[39m expect(\n     \u001b[90m 190 |\u001b[39m       postJson(\u001b[32m\"https://api.telegram.org/botTOKEN/sendMessage\"\u001b[39m\u001b[33m,\u001b[39m {\u001b[0m\n\n      at Resolver._throwModNotFoundError (node_modules/jest-resolve/build/index.js:863:11)\n      at Object.require (tests/jest/services/telegramOrderNotificationLib.httpClient.test.js:187:26)\n","name":"E:\\Project\\admin_store\\admin_orderlist\\backend\\tests\\jest\\services\\telegramOrderNotificationLib.httpClient.test.js","startTime":1783797592982,"status":"failed","summary":""},{"assertionResults":[{"ancestorTitles":["qr (URL builders + fetcher)","buildQrProviderUrls"],"duration":88,"failing":false,"failureDetails":[{"code":"MODULE_NOT_FOUND","hint":"","requireStack":["E:\\Project\\admin_store\\admin_orderlist\\backend\\src\\domains\\notifications\\telegram\\services\\qr.js"],"siblingWithSimilarExtensionFound":false,"moduleName":"./dnsHelpers","_originalMessage":"Cannot find module './dnsHelpers' from 'src/domains/notifications/telegram/services/qr.js'"}],"failureMessages":["Error: Cannot find module './dnsHelpers' from 'src/domains/notifications/telegram/services/qr.js'\n    at Resolver._throwModNotFoundError (E:\\Project\\admin_store\\admin_orderlist\\backend\\node_modules\\jest-resolve\\build\\index.js:863:11)\n    at Resolver.resolveModule (E:\\Project\\admin_store\\admin_orderlist\\backend\\node_modules\\jest-resolve\\build\\index.js:810:10)\n    at Resolver._getVirtualMockPath (E:\\Project\\admin_store\\admin_orderlist\\backend\\node_modules\\jest-resolve\\build\\index.js:1004:84)\n    at Resolver._getAbsolutePath (E:\\Project\\admin_store\\admin_orderlist\\backend\\node_modules\\jest-resolve\\build\\index.js:984:98)\n    at Resolver.getModuleID (E:\\Project\\admin_store\\admin_orderlist\\backend\\node_modules\\jest-resolve\\build\\index.js:949:31)\n    at Runtime._shouldMockCjs (E:\\Project\\admin_store\\admin_orderlist\\backend\\node_modules\\jest-runtime\\build\\index.js:1486:37)\n    at Runtime.requireModuleOrMock (E:\\Project\\admin_store\\admin_orderlist\\backend\\node_modules\\jest-runtime\\build\\index.js:961:16)\n    at Object.require (E:\\Project\\admin_store\\admin_orderlist\\backend\\src\\domains\\notifications\\telegram\\services\\qr.js:13:30)\n    at Runtime._execModule (E:\\Project\\admin_store\\admin_orderlist\\backend\\node_modules\\jest-runtime\\build\\index.js:1268:24)\n    at Runtime._loadModule (E:\\Project\\admin_store\\admin_orderlist\\backend\\node_modules\\jest-runtime\\build\\index.js:944:12)\n    at Runtime.requireModule (E:\\Project\\admin_store\\admin_orderlist\\backend\\node_modules\\jest-runtime\\build\\index.js:832:12)\n    at Runtime.requireModuleOrMock (E:\\Project\\admin_store\\admin_orderlist\\backend\\node_modules\\jest-runtime\\build\\index.js:964:21)\n    at require (E:\\Project\\admin_store\\admin_orderlist\\backend\\tests\\jest\\services\\telegram\\qr.test.js:13:10)\n    at Object.requireFreshQr (E:\\Project\\admin_store\\admin_orderlist\\backend\\tests\\jest\\services\\telegram\\qr.test.js:19:39)\n    at Promise.finally.completed (E:\\Project\\admin_store\\admin_orderlist\\backend\\node_modules\\jest-circus\\build\\jestAdapterInit.js:1557:28)\n    at new Promise (<anonymous>)\n    at callAsyncCircusFn (E:\\Project\\admin_store\\admin_orderlist\\backend\\node_modules\\jest-circus\\build\\jestAdapterInit.js:1497:10)\n    at _callCircusTest (E:\\Project\\admin_store\\admin_orderlist\\backend\\node_modules\\jest-circus\\build\\jestAdapterInit.js:1007:40)\n    at processTicksAndRejections (node:internal/process/task_queues:105:5)\n    at _runTest (E:\\Project\\admin_store\\admin_orderlist\\backend\\node_modules\\jest-circus\\build\\jestAdapterInit.js:947:3)\n    at E:\\Project\\admin_store\\admin_orderlist\\backend\\node_modules\\jest-circus\\build\\jestAdapterInit.js:849:7\n    at _runTestsForDescribeBlock (E:\\Project\\admin_store\\admin_orderlist\\backend\\node_modules\\jest-circus\\build\\jestAdapterInit.js:862:11)\n    at _runTestsForDescribeBlock (E:\\Project\\admin_store\\admin_orderlist\\backend\\node_modules\\jest-circus\\build\\jestAdapterInit.js:857:11)\n    at _runTestsForDescribeBlock (E:\\Project\\admin_store\\admin_orderlist\\backend\\node_modules\\jest-circus\\build\\jestAdapterInit.js:857:11)\n    at run (E:\\Project\\admin_store\\admin_orderlist\\backend\\node_modules\\jest-circus\\build\\jestAdapterInit.js:761:3)\n    at runAndTransformResultsToJestFormat (E:\\Project\\admin_store\\admin_orderlist\\backend\\node_modules\\jest-circus\\build\\jestAdapterInit.js:1918:21)\n    at jestAdapter (E:\\Project\\admin_store\\admin_orderlist\\backend\\node_modules\\jest-circus\\build\\runner.js:101:19)\n    at runTestInternal (E:\\Project\\admin_store\\admin_orderlist\\backend\\node_modules\\jest-runner\\build\\testWorker.js:275:16)\n    at runTest (E:\\Project\\admin_store\\admin_orderlist\\backend\\node_modules\\jest-runner\\build\\testWorker.js:343:7)\n    at Object.worker (E:\\Project\\admin_store\\admin_orderlist\\backend\\node_modules\\jest-runner\\build\\testWorker.js:497:12)"],"fullName":"qr (URL builders + fetcher) buildQrProviderUrls Có bank + acc → trả 2 provider URLs (vietqr.io, sepay.vn)","invocations":1,"location":null,"numPassingAsserts":0,"retryReasons":[],"startAt":1783797593544,"status":"failed","title":"Có bank + acc → trả 2 provider URLs (vietqr.io, sepay.vn)"},{"ancestorTitles":["qr (URL builders + fetcher)","buildQrProviderUrls"],"duration":2,"failing":false,"failureDetails":[{"code":"MODULE_NOT_FOUND","hint":"","requireStack":["E:\\Project\\admin_store\\admin_orderlist\\backend\\src\\domains\\notifications\\telegram\\services\\qr.js"],"siblingWithSimilarExtensionFound":false,"moduleName":"./dnsHelpers","_originalMessage":"Cannot find module './dnsHelpers' from 'src/domains/notifications/telegram/services/qr.js'"}],"failureMessages":["Error: Cannot find module './dnsHelpers' from 'src/domains/notifications/telegram/services/qr.js'\n    at Resolver._throwModNotFoundError (E:\\Project\\admin_store\\admin_orderlist\\backend\\node_modules\\jest-resolve\\build\\index.js:863:11)\n    at Resolver.resolveModule (E:\\Project\\admin_store\\admin_orderlist\\backend\\node_modules\\jest-resolve\\build\\index.js:810:10)\n    at Resolver._getVirtualMockPath (E:\\Project\\admin_store\\admin_orderlist\\backend\\node_modules\\jest-resolve\\build\\index.js:1004:84)\n    at Resolver._getAbsolutePath (E:\\Project\\admin_store\\admin_orderlist\\backend\\node_modules\\jest-resolve\\build\\index.js:984:98)\n    at Resolver.getModuleID (E:\\Project\\admin_store\\admin_orderlist\\backend\\node_modules\\jest-resolve\\build\\index.js:949:31)\n    at Runtime._shouldMockCjs (E:\\Project\\admin_store\\admin_orderlist\\backend\\node_modules\\jest-runtime\\build\\index.js:1486:37)\n    at Runtime.requireModuleOrMock (E:\\Project\\admin_store\\admin_orderlist\\backend\\node_modules\\jest-runtime\\build\\index.js:961:16)\n    at Object.require (E:\\Project\\admin_store\\admin_orderlist\\backend\\src\\domains\\notifications\\telegram\\services\\qr.js:13:30)\n    at Runtime._execModule (E:\\Project\\admin_store\\admin_orderlist\\backend\\node_modules\\jest-runtime\\build\\index.js:1268:24)\n    at Runtime._loadModule (E:\\Project\\admin_store\\admin_orderlist\\backend\\node_modules\\jest-runtime\\build\\index.js:944:12)\n    at Runtime.requireModule (E:\\Project\\admin_store\\admin_orderlist\\backend\\node_modules\\jest-runtime\\build\\index.js:832:12)\n    at Runtime.requireModuleOrMock (E:\\Project\\admin_store\\admin_orderlist\\backend\\node_modules\\jest-runtime\\build\\index.js:964:21)\n    at require (E:\\Project\\admin_store\\admin_orderlist\\backend\\tests\\jest\\services\\telegram\\qr.test.js:13:10)\n    at Object.requireFreshQr (E:\\Project\\admin_store\\admin_orderlist\\backend\\tests\\jest\\services\\telegram\\qr.test.js:39:39)\n    at Promise.finally.completed (E:\\Project\\admin_store\\admin_orderlist\\backend\\node_modules\\jest-circus\\build\\jestAdapterInit.js:1557:28)\n    at new Promise (<anonymous>)\n    at callAsyncCircusFn (E:\\Project\\admin_store\\admin_orderlist\\backend\\node_modules\\jest-circus\\build\\jestAdapterInit.js:1497:10)\n    at _callCircusTest (E:\\Project\\admin_store\\admin_orderlist\\backend\\node_modules\\jest-circus\\build\\jestAdapterInit.js:1007:40)\n    at processTicksAndRejections (node:internal/process/task_queues:105:5)\n    at _runTest (E:\\Project\\admin_store\\admin_orderlist\\backend\\node_modules\\jest-circus\\build\\jestAdapterInit.js:947:3)\n    at E:\\Project\\admin_store\\admin_orderlist\\backend\\node_modules\\jest-circus\\build\\jestAdapterInit.js:849:7\n    at _runTestsForDescribeBlock (E:\\Project\\admin_store\\admin_orderlist\\backend\\node_modules\\jest-circus\\build\\jestAdapterInit.js:862:11)\n    at _runTestsForDescribeBlock (E:\\Project\\admin_store\\admin_orderlist\\backend\\node_modules\\jest-circus\\build\\jestAdapterInit.js:857:11)\n    at _runTestsForDescribeBlock (E:\\Project\\admin_store\\admin_orderlist\\backend\\node_modules\\jest-circus\\build\\jestAdapterInit.js:857:11)\n    at run (E:\\Project\\admin_store\\admin_orderlist\\backend\\node_modules\\jest-circus\\build\\jestAdapterInit.js:761:3)\n    at runAndTransformResultsToJestFormat (E:\\Project\\admin_store\\admin_orderlist\\backend\\node_modules\\jest-circus\\build\\jestAdapterInit.js:1918:21)\n    at jestAdapter (E:\\Project\\admin_store\\admin_orderlist\\backend\\node_modules\\jest-circus\\build\\runner.js:101:19)\n    at runTestInternal (E:\\Project\\admin_store\\admin_orderlist\\backend\\node_modules\\jest-runner\\build\\testWorker.js:275:16)\n    at runTest (E:\\Project\\admin_store\\admin_orderlist\\backend\\node_modules\\jest-runner\\build\\testWorker.js:343:7)\n    at Object.worker (E:\\Project\\admin_store\\admin_orderlist\\backend\\node_modules\\jest-runner\\build\\testWorker.js:497:12)"],"fullName":"qr (URL builders + fetcher) buildQrProviderUrls Thiếu bank hoặc acc → trả mảng rỗng","invocations":1,"location":null,"numPassingAsserts":0,"retryReasons":[],"startAt":1783797593638,"status":"failed","title":"Thiếu bank hoặc acc → trả mảng rỗng"},{"ancestorTitles":["qr (URL builders + fetcher)","buildQrProviderUrls"],"duration":2,"failing":false,"failureDetails":[{"code":"MODULE_NOT_FOUND","hint":"","requireStack":["E:\\Project\\admin_store\\admin_orderlist\\backend\\src\\domains\\notifications\\telegram\\services\\qr.js"],"siblingWithSimilarExtensionFound":false,"moduleName":"./dnsHelpers","_originalMessage":"Cannot find module './dnsHelpers' from 'src/domains/notifications/telegram/services/qr.js'"}],"failureMessages":["Error: Cannot find module './dnsHelpers' from 'src/domains/notifications/telegram/services/qr.js'\n    at Resolver._throwModNotFoundError (E:\\Project\\admin_store\\admin_orderlist\\backend\\node_modules\\jest-resolve\\build\\index.js:863:11)\n    at Resolver.resolveModule (E:\\Project\\admin_store\\admin_orderlist\\backend\\node_modules\\jest-resolve\\build\\index.js:810:10)\n    at Resolver._getVirtualMockPath (E:\\Project\\admin_store\\admin_orderlist\\backend\\node_modules\\jest-resolve\\build\\index.js:1004:84)\n    at Resolver._getAbsolutePath (E:\\Project\\admin_store\\admin_orderlist\\backend\\node_modules\\jest-resolve\\build\\index.js:984:98)\n    at Resolver.getModuleID (E:\\Project\\admin_store\\admin_orderlist\\backend\\node_modules\\jest-resolve\\build\\index.js:949:31)\n    at Runtime._shouldMockCjs (E:\\Project\\admin_store\\admin_orderlist\\backend\\node_modules\\jest-runtime\\build\\index.js:1486:37)\n    at Runtime.requireModuleOrMock (E:\\Project\\admin_store\\admin_orderlist\\backend\\node_modules\\jest-runtime\\build\\index.js:961:16)\n    at Object.require (E:\\Project\\admin_store\\admin_orderlist\\backend\\src\\domains\\notifications\\telegram\\services\\qr.js:13:30)\n    at Runtime._execModule (E:\\Project\\admin_store\\admin_orderlist\\backend\\node_modules\\jest-runtime\\build\\index.js:1268:24)\n    at Runtime._loadModule (E:\\Project\\admin_store\\admin_orderlist\\backend\\node_modules\\jest-runtime\\build\\index.js:944:12)\n    at Runtime.requireModule (E:\\Project\\admin_store\\admin_orderlist\\backend\\node_modules\\jest-runtime\\build\\index.js:832:12)\n    at Runtime.requireModuleOrMock (E:\\Project\\admin_store\\admin_orderlist\\backend\\node_modules\\jest-runtime\\build\\index.js:964:21)\n    at require (E:\\Project\\admin_store\\admin_orderlist\\backend\\tests\\jest\\services\\telegram\\qr.test.js:13:10)\n    at Object.requireFreshQr (E:\\Project\\admin_store\\admin_orderlist\\backend\\tests\\jest\\services\\telegram\\qr.test.js:46:39)\n    at Promise.finally.completed (E:\\Project\\admin_store\\admin_orderlist\\backend\\node_modules\\jest-circus\\build\\jestAdapterInit.js:1557:28)\n    at new Promise (<anonymous>)\n    at callAsyncCircusFn (E:\\Project\\admin_store\\admin_orderlist\\backend\\node_modules\\jest-circus\\build\\jestAdapterInit.js:1497:10)\n    at _callCircusTest (E:\\Project\\admin_store\\admin_orderlist\\backend\\node_modules\\jest-circus\\build\\jestAdapterInit.js:1007:40)\n    at processTicksAndRejections (node:internal/process/task_queues:105:5)\n    at _runTest (E:\\Project\\admin_store\\admin_orderlist\\backend\\node_modules\\jest-circus\\build\\jestAdapterInit.js:947:3)\n    at E:\\Project\\admin_store\\admin_orderlist\\backend\\node_modules\\jest-circus\\build\\jestAdapterInit.js:849:7\n    at _runTestsForDescribeBlock (E:\\Project\\admin_store\\admin_orderlist\\backend\\node_modules\\jest-circus\\build\\jestAdapterInit.js:862:11)\n    at _runTestsForDescribeBlock (E:\\Project\\admin_store\\admin_orderlist\\backend\\node_modules\\jest-circus\\build\\jestAdapterInit.js:857:11)\n    at _runTestsForDescribeBlock (E:\\Project\\admin_store\\admin_orderlist\\backend\\node_modules\\jest-circus\\build\\jestAdapterInit.js:857:11)\n    at run (E:\\Project\\admin_store\\admin_orderlist\\backend\\node_modules\\jest-circus\\build\\jestAdapterInit.js:761:3)\n    at runAndTransformResultsToJestFormat (E:\\Project\\admin_store\\admin_orderlist\\backend\\node_modules\\jest-circus\\build\\jestAdapterInit.js:1918:21)\n    at jestAdapter (E:\\Project\\admin_store\\admin_orderlist\\backend\\node_modules\\jest-circus\\build\\runner.js:101:19)\n    at runTestInternal (E:\\Project\\admin_store\\admin_orderlist\\backend\\node_modules\\jest-runner\\build\\testWorker.js:275:16)\n    at runTest (E:\\Project\\admin_store\\admin_orderlist\\backend\\node_modules\\jest-runner\\build\\testWorker.js:343:7)\n    at Object.worker (E:\\Project\\admin_store\\admin_orderlist\\backend\\node_modules\\jest-runner\\build\\testWorker.js:497:12)"],"fullName":"qr (URL builders + fetcher) buildQrProviderUrls Không có amount → không thêm tham số amount","invocations":1,"location":null,"numPassingAsserts":0,"retryReasons":[],"startAt":1783797593641,"status":"failed","title":"Không có amount → không thêm tham số amount"},{"ancestorTitles":["qr (URL builders + fetcher)","fetchQrImageBytes — orchestration"],"duration":3,"failing":false,"failureDetails":[{"code":"MODULE_NOT_FOUND","hint":"","requireStack":["E:\\Project\\admin_store\\admin_orderlist\\backend\\src\\domains\\notifications\\telegram\\services\\qr.js"],"siblingWithSimilarExtensionFound":false,"moduleName":"./dnsHelpers","_originalMessage":"Cannot find module './dnsHelpers' from 'src/domains/notifications/telegram/services/qr.js'"}],"failureMessages":["Error: Cannot find module './dnsHelpers' from 'src/domains/notifications/telegram/services/qr.js'\n    at Resolver._throwModNotFoundError (E:\\Project\\admin_store\\admin_orderlist\\backend\\node_modules\\jest-resolve\\build\\index.js:863:11)\n    at Resolver.resolveModule (E:\\Project\\admin_store\\admin_orderlist\\backend\\node_modules\\jest-resolve\\build\\index.js:810:10)\n    at Resolver._getVirtualMockPath (E:\\Project\\admin_store\\admin_orderlist\\backend\\node_modules\\jest-resolve\\build\\index.js:1004:84)\n    at Resolver._getAbsolutePath (E:\\Project\\admin_store\\admin_orderlist\\backend\\node_modules\\jest-resolve\\build\\index.js:984:98)\n    at Resolver.getModuleID (E:\\Project\\admin_store\\admin_orderlist\\backend\\node_modules\\jest-resolve\\build\\index.js:949:31)\n    at Runtime._shouldMockCjs (E:\\Project\\admin_store\\admin_orderlist\\backend\\node_modules\\jest-runtime\\build\\index.js:1486:37)\n    at Runtime.requireModuleOrMock (E:\\Project\\admin_store\\admin_orderlist\\backend\\node_modules\\jest-runtime\\build\\index.js:961:16)\n    at Object.require (E:\\Project\\admin_store\\admin_orderlist\\backend\\src\\domains\\notifications\\telegram\\services\\qr.js:13:30)\n    at Runtime._execModule (E:\\Project\\admin_store\\admin_orderlist\\backend\\node_modules\\jest-runtime\\build\\index.js:1268:24)\n    at Runtime._loadModule (E:\\Project\\admin_store\\admin_orderlist\\backend\\node_modules\\jest-runtime\\build\\index.js:944:12)\n    at Runtime.requireModule (E:\\Project\\admin_store\\admin_orderlist\\backend\\node_modules\\jest-runtime\\build\\index.js:832:12)\n    at Runtime.requireModuleOrMock (E:\\Project\\admin_store\\admin_orderlist\\backend\\node_modules\\jest-runtime\\build\\index.js:964:21)\n    at require (E:\\Project\\admin_store\\admin_orderlist\\backend\\tests\\jest\\services\\telegram\\qr.test.js:13:10)\n    at Object.requireFreshQr (E:\\Project\\admin_store\\admin_orderlist\\backend\\tests\\jest\\services\\telegram\\qr.test.js:65:37)\n    at Promise.finally.completed (E:\\Project\\admin_store\\admin_orderlist\\backend\\node_modules\\jest-circus\\build\\jestAdapterInit.js:1557:28)\n    at new Promise (<anonymous>)\n    at callAsyncCircusFn (E:\\Project\\admin_store\\admin_orderlist\\backend\\node_modules\\jest-circus\\build\\jestAdapterInit.js:1497:10)\n    at _callCircusTest (E:\\Project\\admin_store\\admin_orderlist\\backend\\node_modules\\jest-circus\\build\\jestAdapterInit.js:1007:40)\n    at processTicksAndRejections (node:internal/process/task_queues:105:5)\n    at _runTest (E:\\Project\\admin_store\\admin_orderlist\\backend\\node_modules\\jest-circus\\build\\jestAdapterInit.js:947:3)\n    at E:\\Project\\admin_store\\admin_orderlist\\backend\\node_modules\\jest-circus\\build\\jestAdapterInit.js:849:7\n    at _runTestsForDescribeBlock (E:\\Project\\admin_store\\admin_orderlist\\backend\\node_modules\\jest-circus\\build\\jestAdapterInit.js:862:11)\n    at _runTestsForDescribeBlock (E:\\Project\\admin_store\\admin_orderlist\\backend\\node_modules\\jest-circus\\build\\jestAdapterInit.js:857:11)\n    at _runTestsForDescribeBlock (E:\\Project\\admin_store\\admin_orderlist\\backend\\node_modules\\jest-circus\\build\\jestAdapterInit.js:857:11)\n    at run (E:\\Project\\admin_store\\admin_orderlist\\backend\\node_modules\\jest-circus\\build\\jestAdapterInit.js:761:3)\n    at runAndTransformResultsToJestFormat (E:\\Project\\admin_store\\admin_orderlist\\backend\\node_modules\\jest-circus\\build\\jestAdapterInit.js:1918:21)\n    at jestAdapter (E:\\Project\\admin_store\\admin_orderlist\\backend\\node_modules\\jest-circus\\build\\runner.js:101:19)\n    at runTestInternal (E:\\Project\\admin_store\\admin_orderlist\\backend\\node_modules\\jest-runner\\build\\testWorker.js:275:16)\n    at runTest (E:\\Project\\admin_store\\admin_orderlist\\backend\\node_modules\\jest-runner\\build\\testWorker.js:343:7)\n    at Object.worker (E:\\Project\\admin_store\\admin_orderlist\\backend\\node_modules\\jest-runner\\build\\testWorker.js:497:12)"],"fullName":"qr (URL builders + fetcher) fetchQrImageBytes — orchestration Provider 1 OK → trả buffer ngay, không gọi provider 2","invocations":1,"location":null,"numPassingAsserts":0,"retryReasons":[],"startAt":1783797593644,"status":"failed","title":"Provider 1 OK → trả buffer ngay, không gọi provider 2"},{"ancestorTitles":["qr (URL builders + fetcher)","fetchQrImageBytes — orchestration"],"duration":3,"failing":false,"failureDetails":[{"code":"MODULE_NOT_FOUND","hint":"","requireStack":["E:\\Project\\admin_store\\admin_orderlist\\backend\\src\\domains\\notifications\\telegram\\services\\qr.js"],"siblingWithSimilarExtensionFound":false,"moduleName":"./dnsHelpers","_originalMessage":"Cannot find module './dnsHelpers' from 'src/domains/notifications/telegram/services/qr.js'"}],"failureMessages":["Error: Cannot find module './dnsHelpers' from 'src/domains/notifications/telegram/services/qr.js'\n    at Resolver._throwModNotFoundError (E:\\Project\\admin_store\\admin_orderlist\\backend\\node_modules\\jest-resolve\\build\\index.js:863:11)\n    at Resolver.resolveModule (E:\\Project\\admin_store\\admin_orderlist\\backend\\node_modules\\jest-resolve\\build\\index.js:810:10)\n    at Resolver._getVirtualMockPath (E:\\Project\\admin_store\\admin_orderlist\\backend\\node_modules\\jest-resolve\\build\\index.js:1004:84)\n    at Resolver._getAbsolutePath (E:\\Project\\admin_store\\admin_orderlist\\backend\\node_modules\\jest-resolve\\build\\index.js:984:98)\n    at Resolver.getModuleID (E:\\Project\\admin_store\\admin_orderlist\\backend\\node_modules\\jest-resolve\\build\\index.js:949:31)\n    at Runtime._shouldMockCjs (E:\\Project\\admin_store\\admin_orderlist\\backend\\node_modules\\jest-runtime\\build\\index.js:1486:37)\n    at Runtime.requireModuleOrMock (E:\\Project\\admin_store\\admin_orderlist\\backend\\node_modules\\jest-runtime\\build\\index.js:961:16)\n    at Object.require (E:\\Project\\admin_store\\admin_orderlist\\backend\\src\\domains\\notifications\\telegram\\services\\qr.js:13:30)\n    at Runtime._execModule (E:\\Project\\admin_store\\admin_orderlist\\backend\\node_modules\\jest-runtime\\build\\index.js:1268:24)\n    at Runtime._loadModule (E:\\Project\\admin_store\\admin_orderlist\\backend\\node_modules\\jest-runtime\\build\\index.js:944:12)\n    at Runtime.requireModule (E:\\Project\\admin_store\\admin_orderlist\\backend\\node_modules\\jest-runtime\\build\\index.js:832:12)\n    at Runtime.requireModuleOrMock (E:\\Project\\admin_store\\admin_orderlist\\backend\\node_modules\\jest-runtime\\build\\index.js:964:21)\n    at require (E:\\Project\\admin_store\\admin_orderlist\\backend\\tests\\jest\\services\\telegram\\qr.test.js:13:10)\n    at Object.requireFreshQr (E:\\Project\\admin_store\\admin_orderlist\\backend\\tests\\jest\\services\\telegram\\qr.test.js:78:37)\n    at Promise.finally.completed (E:\\Project\\admin_store\\admin_orderlist\\backend\\node_modules\\jest-circus\\build\\jestAdapterInit.js:1557:28)\n    at new Promise (<anonymous>)\n    at callAsyncCircusFn (E:\\Project\\admin_store\\admin_orderlist\\backend\\node_modules\\jest-circus\\build\\jestAdapterInit.js:1497:10)\n    at _callCircusTest (E:\\Project\\admin_store\\admin_orderlist\\backend\\node_modules\\jest-circus\\build\\jestAdapterInit.js:1007:40)\n    at processTicksAndRejections (node:internal/process/task_queues:105:5)\n    at _runTest (E:\\Project\\admin_store\\admin_orderlist\\backend\\node_modules\\jest-circus\\build\\jestAdapterInit.js:947:3)\n    at E:\\Project\\admin_store\\admin_orderlist\\backend\\node_modules\\jest-circus\\build\\jestAdapterInit.js:849:7\n    at _runTestsForDescribeBlock (E:\\Project\\admin_store\\admin_orderlist\\backend\\node_modules\\jest-circus\\build\\jestAdapterInit.js:862:11)\n    at _runTestsForDescribeBlock (E:\\Project\\admin_store\\admin_orderlist\\backend\\node_modules\\jest-circus\\build\\jestAdapterInit.js:857:11)\n    at _runTestsForDescribeBlock (E:\\Project\\admin_store\\admin_orderlist\\backend\\node_modules\\jest-circus\\build\\jestAdapterInit.js:857:11)\n    at run (E:\\Project\\admin_store\\admin_orderlist\\backend\\node_modules\\jest-circus\\build\\jestAdapterInit.js:761:3)\n    at runAndTransformResultsToJestFormat (E:\\Project\\admin_store\\admin_orderlist\\backend\\node_modules\\jest-circus\\build\\jestAdapterInit.js:1918:21)\n    at jestAdapter (E:\\Project\\admin_store\\admin_orderlist\\backend\\node_modules\\jest-circus\\build\\runner.js:101:19)\n    at runTestInternal (E:\\Project\\admin_store\\admin_orderlist\\backend\\node_modules\\jest-runner\\build\\testWorker.js:275:16)\n    at runTest (E:\\Project\\admin_store\\admin_orderlist\\backend\\node_modules\\jest-runner\\build\\testWorker.js:343:7)\n    at Object.worker (E:\\Project\\admin_store\\admin_orderlist\\backend\\node_modules\\jest-runner\\build\\testWorker.js:497:12)"],"fullName":"qr (URL builders + fetcher) fetchQrImageBytes — orchestration Provider 1 fail (timeout) → fallback sang provider 2 (sepay)","invocations":1,"location":null,"numPassingAsserts":0,"retryReasons":[],"startAt":1783797593647,"status":"failed","title":"Provider 1 fail (timeout) → fallback sang provider 2 (sepay)"},{"ancestorTitles":["qr (URL builders + fetcher)","fetchQrImageBytes — orchestration"],"duration":2,"failing":false,"failureDetails":[{"code":"MODULE_NOT_FOUND","hint":"","requireStack":["E:\\Project\\admin_store\\admin_orderlist\\backend\\src\\domains\\notifications\\telegram\\services\\qr.js"],"siblingWithSimilarExtensionFound":false,"moduleName":"./dnsHelpers","_originalMessage":"Cannot find module './dnsHelpers' from 'src/domains/notifications/telegram/services/qr.js'"}],"failureMessages":["Error: Cannot find module './dnsHelpers' from 'src/domains/notifications/telegram/services/qr.js'\n    at Resolver._throwModNotFoundError (E:\\Project\\admin_store\\admin_orderlist\\backend\\node_modules\\jest-resolve\\build\\index.js:863:11)\n    at Resolver.resolveModule (E:\\Project\\admin_store\\admin_orderlist\\backend\\node_modules\\jest-resolve\\build\\index.js:810:10)\n    at Resolver._getVirtualMockPath (E:\\Project\\admin_store\\admin_orderlist\\backend\\node_modules\\jest-resolve\\build\\index.js:1004:84)\n    at Resolver._getAbsolutePath (E:\\Project\\admin_store\\admin_orderlist\\backend\\node_modules\\jest-resolve\\build\\index.js:984:98)\n    at Resolver.getModuleID (E:\\Project\\admin_store\\admin_orderlist\\backend\\node_modules\\jest-resolve\\build\\index.js:949:31)\n    at Runtime._shouldMockCjs (E:\\Project\\admin_store\\admin_orderlist\\backend\\node_modules\\jest-runtime\\build\\index.js:1486:37)\n    at Runtime.requireModuleOrMock (E:\\Project\\admin_store\\admin_orderlist\\backend\\node_modules\\jest-runtime\\build\\index.js:961:16)\n    at Object.require (E:\\Project\\admin_store\\admin_orderlist\\backend\\src\\domains\\notifications\\telegram\\services\\qr.js:13:30)\n    at Runtime._execModule (E:\\Project\\admin_store\\admin_orderlist\\backend\\node_modules\\jest-runtime\\build\\index.js:1268:24)\n    at Runtime._loadModule (E:\\Project\\admin_store\\admin_orderlist\\backend\\node_modules\\jest-runtime\\build\\index.js:944:12)\n    at Runtime.requireModule (E:\\Project\\admin_store\\admin_orderlist\\backend\\node_modules\\jest-runtime\\build\\index.js:832:12)\n    at Runtime.requireModuleOrMock (E:\\Project\\admin_store\\admin_orderlist\\backend\\node_modules\\jest-runtime\\build\\index.js:964:21)\n    at require (E:\\Project\\admin_store\\admin_orderlist\\backend\\tests\\jest\\services\\telegram\\qr.test.js:13:10)\n    at Object.requireFreshQr (E:\\Project\\admin_store\\admin_orderlist\\backend\\tests\\jest\\services\\telegram\\qr.test.js:94:37)\n    at Promise.finally.completed (E:\\Project\\admin_store\\admin_orderlist\\backend\\node_modules\\jest-circus\\build\\jestAdapterInit.js:1557:28)\n    at new Promise (<anonymous>)\n    at callAsyncCircusFn (E:\\Project\\admin_store\\admin_orderlist\\backend\\node_modules\\jest-circus\\build\\jestAdapterInit.js:1497:10)\n    at _callCircusTest (E:\\Project\\admin_store\\admin_orderlist\\backend\\node_modules\\jest-circus\\build\\jestAdapterInit.js:1007:40)\n    at processTicksAndRejections (node:internal/process/task_queues:105:5)\n    at _runTest (E:\\Project\\admin_store\\admin_orderlist\\backend\\node_modules\\jest-circus\\build\\jestAdapterInit.js:947:3)\n    at E:\\Project\\admin_store\\admin_orderlist\\backend\\node_modules\\jest-circus\\build\\jestAdapterInit.js:849:7\n    at _runTestsForDescribeBlock (E:\\Project\\admin_store\\admin_orderlist\\backend\\node_modules\\jest-circus\\build\\jestAdapterInit.js:862:11)\n    at _runTestsForDescribeBlock (E:\\Project\\admin_store\\admin_orderlist\\backend\\node_modules\\jest-circus\\build\\jestAdapterInit.js:857:11)\n    at _runTestsForDescribeBlock (E:\\Project\\admin_store\\admin_orderlist\\backend\\node_modules\\jest-circus\\build\\jestAdapterInit.js:857:11)\n    at run (E:\\Project\\admin_store\\admin_orderlist\\backend\\node_modules\\jest-circus\\build\\jestAdapterInit.js:761:3)\n    at runAndTransformResultsToJestFormat (E:\\Project\\admin_store\\admin_orderlist\\backend\\node_modules\\jest-circus\\build\\jestAdapterInit.js:1918:21)\n    at jestAdapter (E:\\Project\\admin_store\\admin_orderlist\\backend\\node_modules\\jest-circus\\build\\runner.js:101:19)\n    at runTestInternal (E:\\Project\\admin_store\\admin_orderlist\\backend\\node_modules\\jest-runner\\build\\testWorker.js:275:16)\n    at runTest (E:\\Project\\admin_store\\admin_orderlist\\backend\\node_modules\\jest-runner\\build\\testWorker.js:343:7)\n    at Object.worker (E:\\Project\\admin_store\\admin_orderlist\\backend\\node_modules\\jest-runner\\build\\testWorker.js:497:12)"],"fullName":"qr (URL builders + fetcher) fetchQrImageBytes — orchestration Cả hai provider đều fail → throw với providerErrors chi tiết","invocations":1,"location":null,"numPassingAsserts":0,"retryReasons":[],"startAt":1783797593651,"status":"failed","title":"Cả hai provider đều fail → throw với providerErrors chi tiết"},{"ancestorTitles":["qr (URL builders + fetcher)","fetchQrImageBytes — orchestration"],"duration":3,"failing":false,"failureDetails":[{"code":"MODULE_NOT_FOUND","hint":"","requireStack":["E:\\Project\\admin_store\\admin_orderlist\\backend\\src\\domains\\notifications\\telegram\\services\\qr.js"],"siblingWithSimilarExtensionFound":false,"moduleName":"./dnsHelpers","_originalMessage":"Cannot find module './dnsHelpers' from 'src/domains/notifications/telegram/services/qr.js'"}],"failureMessages":["Error: Cannot find module './dnsHelpers' from 'src/domains/notifications/telegram/services/qr.js'\n    at Resolver._throwModNotFoundError (E:\\Project\\admin_store\\admin_orderlist\\backend\\node_modules\\jest-resolve\\build\\index.js:863:11)\n    at Resolver.resolveModule (E:\\Project\\admin_store\\admin_orderlist\\backend\\node_modules\\jest-resolve\\build\\index.js:810:10)\n    at Resolver._getVirtualMockPath (E:\\Project\\admin_store\\admin_orderlist\\backend\\node_modules\\jest-resolve\\build\\index.js:1004:84)\n    at Resolver._getAbsolutePath (E:\\Project\\admin_store\\admin_orderlist\\backend\\node_modules\\jest-resolve\\build\\index.js:984:98)\n    at Resolver.getModuleID (E:\\Project\\admin_store\\admin_orderlist\\backend\\node_modules\\jest-resolve\\build\\index.js:949:31)\n    at Runtime._shouldMockCjs (E:\\Project\\admin_store\\admin_orderlist\\backend\\node_modules\\jest-runtime\\build\\index.js:1486:37)\n    at Runtime.requireModuleOrMock (E:\\Project\\admin_store\\admin_orderlist\\backend\\node_modules\\jest-runtime\\build\\index.js:961:16)\n    at Object.require (E:\\Project\\admin_store\\admin_orderlist\\backend\\src\\domains\\notifications\\telegram\\services\\qr.js:13:30)\n    at Runtime._execModule (E:\\Project\\admin_store\\admin_orderlist\\backend\\node_modules\\jest-runtime\\build\\index.js:1268:24)\n    at Runtime._loadModule (E:\\Project\\admin_store\\admin_orderlist\\backend\\node_modules\\jest-runtime\\build\\index.js:944:12)\n    at Runtime.requireModule (E:\\Project\\admin_store\\admin_orderlist\\backend\\node_modules\\jest-runtime\\build\\index.js:832:12)\n    at Runtime.requireModuleOrMock (E:\\Project\\admin_store\\admin_orderlist\\backend\\node_modules\\jest-runtime\\build\\index.js:964:21)\n    at require (E:\\Project\\admin_store\\admin_orderlist\\backend\\tests\\jest\\services\\telegram\\qr.test.js:13:10)\n    at Object.requireFreshQr (E:\\Project\\admin_store\\admin_orderlist\\backend\\tests\\jest\\services\\telegram\\qr.test.js:111:37)\n    at Promise.finally.completed (E:\\Project\\admin_store\\admin_orderlist\\backend\\node_modules\\jest-circus\\build\\jestAdapterInit.js:1557:28)\n    at new Promise (<anonymous>)\n    at callAsyncCircusFn (E:\\Project\\admin_store\\admin_orderlist\\backend\\node_modules\\jest-circus\\build\\jestAdapterInit.js:1497:10)\n    at _callCircusTest (E:\\Project\\admin_store\\admin_orderlist\\backend\\node_modules\\jest-circus\\build\\jestAdapterInit.js:1007:40)\n    at processTicksAndRejections (node:internal/process/task_queues:105:5)\n    at _runTest (E:\\Project\\admin_store\\admin_orderlist\\backend\\node_modules\\jest-circus\\build\\jestAdapterInit.js:947:3)\n    at E:\\Project\\admin_store\\admin_orderlist\\backend\\node_modules\\jest-circus\\build\\jestAdapterInit.js:849:7\n    at _runTestsForDescribeBlock (E:\\Project\\admin_store\\admin_orderlist\\backend\\node_modules\\jest-circus\\build\\jestAdapterInit.js:862:11)\n    at _runTestsForDescribeBlock (E:\\Project\\admin_store\\admin_orderlist\\backend\\node_modules\\jest-circus\\build\\jestAdapterInit.js:857:11)\n    at _runTestsForDescribeBlock (E:\\Project\\admin_store\\admin_orderlist\\backend\\node_modules\\jest-circus\\build\\jestAdapterInit.js:857:11)\n    at run (E:\\Project\\admin_store\\admin_orderlist\\backend\\node_modules\\jest-circus\\build\\jestAdapterInit.js:761:3)\n    at runAndTransformResultsToJestFormat (E:\\Project\\admin_store\\admin_orderlist\\backend\\node_modules\\jest-circus\\build\\jestAdapterInit.js:1918:21)\n    at jestAdapter (E:\\Project\\admin_store\\admin_orderlist\\backend\\node_modules\\jest-circus\\build\\runner.js:101:19)\n    at runTestInternal (E:\\Project\\admin_store\\admin_orderlist\\backend\\node_modules\\jest-runner\\build\\testWorker.js:275:16)\n    at runTest (E:\\Project\\admin_store\\admin_orderlist\\backend\\node_modules\\jest-runner\\build\\testWorker.js:343:7)\n    at Object.worker (E:\\Project\\admin_store\\admin_orderlist\\backend\\node_modules\\jest-runner\\build\\testWorker.js:497:12)"],"fullName":"qr (URL builders + fetcher) fetchQrImageBytes — orchestration Provider 1 trả buffer rỗng → coi như fail, fallback provider 2","invocations":1,"location":null,"numPassingAsserts":0,"retryReasons":[],"startAt":1783797593653,"status":"failed","title":"Provider 1 trả buffer rỗng → coi như fail, fallback provider 2"},{"ancestorTitles":["qr (URL builders + fetcher)","fetchQrImageBytes — orchestration"],"duration":3,"failing":false,"failureDetails":[{"code":"MODULE_NOT_FOUND","hint":"","requireStack":["E:\\Project\\admin_store\\admin_orderlist\\backend\\src\\domains\\notifications\\telegram\\services\\qr.js"],"siblingWithSimilarExtensionFound":false,"moduleName":"./dnsHelpers","_originalMessage":"Cannot find module './dnsHelpers' from 'src/domains/notifications/telegram/services/qr.js'"}],"failureMessages":["Error: Cannot find module './dnsHelpers' from 'src/domains/notifications/telegram/services/qr.js'\n    at Resolver._throwModNotFoundError (E:\\Project\\admin_store\\admin_orderlist\\backend\\node_modules\\jest-resolve\\build\\index.js:863:11)\n    at Resolver.resolveModule (E:\\Project\\admin_store\\admin_orderlist\\backend\\node_modules\\jest-resolve\\build\\index.js:810:10)\n    at Resolver._getVirtualMockPath (E:\\Project\\admin_store\\admin_orderlist\\backend\\node_modules\\jest-resolve\\build\\index.js:1004:84)\n    at Resolver._getAbsolutePath (E:\\Project\\admin_store\\admin_orderlist\\backend\\node_modules\\jest-resolve\\build\\index.js:984:98)\n    at Resolver.getModuleID (E:\\Project\\admin_store\\admin_orderlist\\backend\\node_modules\\jest-resolve\\build\\index.js:949:31)\n    at Runtime._shouldMockCjs (E:\\Project\\admin_store\\admin_orderlist\\backend\\node_modules\\jest-runtime\\build\\index.js:1486:37)\n    at Runtime.requireModuleOrMock (E:\\Project\\admin_store\\admin_orderlist\\backend\\node_modules\\jest-runtime\\build\\index.js:961:16)\n    at Object.require (E:\\Project\\admin_store\\admin_orderlist\\backend\\src\\domains\\notifications\\telegram\\services\\qr.js:13:30)\n    at Runtime._execModule (E:\\Project\\admin_store\\admin_orderlist\\backend\\node_modules\\jest-runtime\\build\\index.js:1268:24)\n    at Runtime._loadModule (E:\\Project\\admin_store\\admin_orderlist\\backend\\node_modules\\jest-runtime\\build\\index.js:944:12)\n    at Runtime.requireModule (E:\\Project\\admin_store\\admin_orderlist\\backend\\node_modules\\jest-runtime\\build\\index.js:832:12)\n    at Runtime.requireModuleOrMock (E:\\Project\\admin_store\\admin_orderlist\\backend\\node_modules\\jest-runtime\\build\\index.js:964:21)\n    at require (E:\\Project\\admin_store\\admin_orderlist\\backend\\tests\\jest\\services\\telegram\\qr.test.js:13:10)\n    at Object.requireFreshQr (E:\\Project\\admin_store\\admin_orderlist\\backend\\tests\\jest\\services\\telegram\\qr.test.js:123:37)\n    at Promise.finally.completed (E:\\Project\\admin_store\\admin_orderlist\\backend\\node_modules\\jest-circus\\build\\jestAdapterInit.js:1557:28)\n    at new Promise (<anonymous>)\n    at callAsyncCircusFn (E:\\Project\\admin_store\\admin_orderlist\\backend\\node_modules\\jest-circus\\build\\jestAdapterInit.js:1497:10)\n    at _callCircusTest (E:\\Project\\admin_store\\admin_orderlist\\backend\\node_modules\\jest-circus\\build\\jestAdapterInit.js:1007:40)\n    at processTicksAndRejections (node:internal/process/task_queues:105:5)\n    at _runTest (E:\\Project\\admin_store\\admin_orderlist\\backend\\node_modules\\jest-circus\\build\\jestAdapterInit.js:947:3)\n    at E:\\Project\\admin_store\\admin_orderlist\\backend\\node_modules\\jest-circus\\build\\jestAdapterInit.js:849:7\n    at _runTestsForDescribeBlock (E:\\Project\\admin_store\\admin_orderlist\\backend\\node_modules\\jest-circus\\build\\jestAdapterInit.js:862:11)\n    at _runTestsForDescribeBlock (E:\\Project\\admin_store\\admin_orderlist\\backend\\node_modules\\jest-circus\\build\\jestAdapterInit.js:857:11)\n    at _runTestsForDescribeBlock (E:\\Project\\admin_store\\admin_orderlist\\backend\\node_modules\\jest-circus\\build\\jestAdapterInit.js:857:11)\n    at run (E:\\Project\\admin_store\\admin_orderlist\\backend\\node_modules\\jest-circus\\build\\jestAdapterInit.js:761:3)\n    at runAndTransformResultsToJestFormat (E:\\Project\\admin_store\\admin_orderlist\\backend\\node_modules\\jest-circus\\build\\jestAdapterInit.js:1918:21)\n    at jestAdapter (E:\\Project\\admin_store\\admin_orderlist\\backend\\node_modules\\jest-circus\\build\\runner.js:101:19)\n    at runTestInternal (E:\\Project\\admin_store\\admin_orderlist\\backend\\node_modules\\jest-runner\\build\\testWorker.js:275:16)\n    at runTest (E:\\Project\\admin_store\\admin_orderlist\\backend\\node_modules\\jest-runner\\build\\testWorker.js:343:7)\n    at Object.worker (E:\\Project\\admin_store\\admin_orderlist\\backend\\node_modules\\jest-runner\\build\\testWorker.js:497:12)"],"fullName":"qr (URL builders + fetcher) fetchQrImageBytes — orchestration Không có bank/acc → trả null (không gọi network)","invocations":1,"location":null,"numPassingAsserts":0,"retryReasons":[],"startAt":1783797593656,"status":"failed","title":"Không có bank/acc → trả null (không gọi network)"},{"ancestorTitles":["qr (URL builders + fetcher)","fetchQrImageBytes — cache"],"duration":3,"failing":false,"failureDetails":[{"code":"MODULE_NOT_FOUND","hint":"","requireStack":["E:\\Project\\admin_store\\admin_orderlist\\backend\\src\\domains\\notifications\\telegram\\services\\qr.js"],"siblingWithSimilarExtensionFound":false,"moduleName":"./dnsHelpers","_originalMessage":"Cannot find module './dnsHelpers' from 'src/domains/notifications/telegram/services/qr.js'"}],"failureMessages":["Error: Cannot find module './dnsHelpers' from 'src/domains/notifications/telegram/services/qr.js'\n    at Resolver._throwModNotFoundError (E:\\Project\\admin_store\\admin_orderlist\\backend\\node_modules\\jest-resolve\\build\\index.js:863:11)\n    at Resolver.resolveModule (E:\\Project\\admin_store\\admin_orderlist\\backend\\node_modules\\jest-resolve\\build\\index.js:810:10)\n    at Resolver._getVirtualMockPath (E:\\Project\\admin_store\\admin_orderlist\\backend\\node_modules\\jest-resolve\\build\\index.js:1004:84)\n    at Resolver._getAbsolutePath (E:\\Project\\admin_store\\admin_orderlist\\backend\\node_modules\\jest-resolve\\build\\index.js:984:98)\n    at Resolver.getModuleID (E:\\Project\\admin_store\\admin_orderlist\\backend\\node_modules\\jest-resolve\\build\\index.js:949:31)\n    at Runtime._shouldMockCjs (E:\\Project\\admin_store\\admin_orderlist\\backend\\node_modules\\jest-runtime\\build\\index.js:1486:37)\n    at Runtime.requireModuleOrMock (E:\\Project\\admin_store\\admin_orderlist\\backend\\node_modules\\jest-runtime\\build\\index.js:961:16)\n    at Object.require (E:\\Project\\admin_store\\admin_orderlist\\backend\\src\\domains\\notifications\\telegram\\services\\qr.js:13:30)\n    at Runtime._execModule (E:\\Project\\admin_store\\admin_orderlist\\backend\\node_modules\\jest-runtime\\build\\index.js:1268:24)\n    at Runtime._loadModule (E:\\Project\\admin_store\\admin_orderlist\\backend\\node_modules\\jest-runtime\\build\\index.js:944:12)\n    at Runtime.requireModule (E:\\Project\\admin_store\\admin_orderlist\\backend\\node_modules\\jest-runtime\\build\\index.js:832:12)\n    at Runtime.requireModuleOrMock (E:\\Project\\admin_store\\admin_orderlist\\backend\\node_modules\\jest-runtime\\build\\index.js:964:21)\n    at require (E:\\Project\\admin_store\\admin_orderlist\\backend\\tests\\jest\\services\\telegram\\qr.test.js:13:10)\n    at Object.requireFreshQr (E:\\Project\\admin_store\\admin_orderlist\\backend\\tests\\jest\\services\\telegram\\qr.test.js:143:49)\n    at Promise.finally.completed (E:\\Project\\admin_store\\admin_orderlist\\backend\\node_modules\\jest-circus\\build\\jestAdapterInit.js:1557:28)\n    at new Promise (<anonymous>)\n    at callAsyncCircusFn (E:\\Project\\admin_store\\admin_orderlist\\backend\\node_modules\\jest-circus\\build\\jestAdapterInit.js:1497:10)\n    at _callCircusTest (E:\\Project\\admin_store\\admin_orderlist\\backend\\node_modules\\jest-circus\\build\\jestAdapterInit.js:1007:40)\n    at processTicksAndRejections (node:internal/process/task_queues:105:5)\n    at _runTest (E:\\Project\\admin_store\\admin_orderlist\\backend\\node_modules\\jest-circus\\build\\jestAdapterInit.js:947:3)\n    at E:\\Project\\admin_store\\admin_orderlist\\backend\\node_modules\\jest-circus\\build\\jestAdapterInit.js:849:7\n    at _runTestsForDescribeBlock (E:\\Project\\admin_store\\admin_orderlist\\backend\\node_modules\\jest-circus\\build\\jestAdapterInit.js:862:11)\n    at _runTestsForDescribeBlock (E:\\Project\\admin_store\\admin_orderlist\\backend\\node_modules\\jest-circus\\build\\jestAdapterInit.js:857:11)\n    at _runTestsForDescribeBlock (E:\\Project\\admin_store\\admin_orderlist\\backend\\node_modules\\jest-circus\\build\\jestAdapterInit.js:857:11)\n    at run (E:\\Project\\admin_store\\admin_orderlist\\backend\\node_modules\\jest-circus\\build\\jestAdapterInit.js:761:3)\n    at runAndTransformResultsToJestFormat (E:\\Project\\admin_store\\admin_orderlist\\backend\\node_modules\\jest-circus\\build\\jestAdapterInit.js:1918:21)\n    at jestAdapter (E:\\Project\\admin_store\\admin_orderlist\\backend\\node_modules\\jest-circus\\build\\runner.js:101:19)\n    at runTestInternal (E:\\Project\\admin_store\\admin_orderlist\\backend\\node_modules\\jest-runner\\build\\testWorker.js:275:16)\n    at runTest (E:\\Project\\admin_store\\admin_orderlist\\backend\\node_modules\\jest-runner\\build\\testWorker.js:343:7)\n    at Object.worker (E:\\Project\\admin_store\\admin_orderlist\\backend\\node_modules\\jest-runner\\build\\testWorker.js:497:12)"],"fullName":"qr (URL builders + fetcher) fetchQrImageBytes — cache Hit cache lần 2 với cùng URL → không gọi httpsGetBuffer","invocations":1,"location":null,"numPassingAsserts":0,"retryReasons":[],"startAt":1783797593660,"status":"failed","title":"Hit cache lần 2 với cùng URL → không gọi httpsGetBuffer"},{"ancestorTitles":["qr (URL builders + fetcher)","fetchQrImageBytes — cache"],"duration":2,"failing":false,"failureDetails":[{"code":"MODULE_NOT_FOUND","hint":"","requireStack":["E:\\Project\\admin_store\\admin_orderlist\\backend\\src\\domains\\notifications\\telegram\\services\\qr.js"],"siblingWithSimilarExtensionFound":false,"moduleName":"./dnsHelpers","_originalMessage":"Cannot find module './dnsHelpers' from 'src/domains/notifications/telegram/services/qr.js'"}],"failureMessages":["Error: Cannot find module './dnsHelpers' from 'src/domains/notifications/telegram/services/qr.js'\n    at Resolver._throwModNotFoundError (E:\\Project\\admin_store\\admin_orderlist\\backend\\node_modules\\jest-resolve\\build\\index.js:863:11)\n    at Resolver.resolveModule (E:\\Project\\admin_store\\admin_orderlist\\backend\\node_modules\\jest-resolve\\build\\index.js:810:10)\n    at Resolver._getVirtualMockPath (E:\\Project\\admin_store\\admin_orderlist\\backend\\node_modules\\jest-resolve\\build\\index.js:1004:84)\n    at Resolver._getAbsolutePath (E:\\Project\\admin_store\\admin_orderlist\\backend\\node_modules\\jest-resolve\\build\\index.js:984:98)\n    at Resolver.getModuleID (E:\\Project\\admin_store\\admin_orderlist\\backend\\node_modules\\jest-resolve\\build\\index.js:949:31)\n    at Runtime._shouldMockCjs (E:\\Project\\admin_store\\admin_orderlist\\backend\\node_modules\\jest-runtime\\build\\index.js:1486:37)\n    at Runtime.requireModuleOrMock (E:\\Project\\admin_store\\admin_orderlist\\backend\\node_modules\\jest-runtime\\build\\index.js:961:16)\n    at Object.require (E:\\Project\\admin_store\\admin_orderlist\\backend\\src\\domains\\notifications\\telegram\\services\\qr.js:13:30)\n    at Runtime._execModule (E:\\Project\\admin_store\\admin_orderlist\\backend\\node_modules\\jest-runtime\\build\\index.js:1268:24)\n    at Runtime._loadModule (E:\\Project\\admin_store\\admin_orderlist\\backend\\node_modules\\jest-runtime\\build\\index.js:944:12)\n    at Runtime.requireModule (E:\\Project\\admin_store\\admin_orderlist\\backend\\node_modules\\jest-runtime\\build\\index.js:832:12)\n    at Runtime.requireModuleOrMock (E:\\Project\\admin_store\\admin_orderlist\\backend\\node_modules\\jest-runtime\\build\\index.js:964:21)\n    at require (E:\\Project\\admin_store\\admin_orderlist\\backend\\tests\\jest\\services\\telegram\\qr.test.js:13:10)\n    at Object.requireFreshQr (E:\\Project\\admin_store\\admin_orderlist\\backend\\tests\\jest\\services\\telegram\\qr.test.js:158:49)\n    at Promise.finally.completed (E:\\Project\\admin_store\\admin_orderlist\\backend\\node_modules\\jest-circus\\build\\jestAdapterInit.js:1557:28)\n    at new Promise (<anonymous>)\n    at callAsyncCircusFn (E:\\Project\\admin_store\\admin_orderlist\\backend\\node_modules\\jest-circus\\build\\jestAdapterInit.js:1497:10)\n    at _callCircusTest (E:\\Project\\admin_store\\admin_orderlist\\backend\\node_modules\\jest-circus\\build\\jestAdapterInit.js:1007:40)\n    at processTicksAndRejections (node:internal/process/task_queues:105:5)\n    at _runTest (E:\\Project\\admin_store\\admin_orderlist\\backend\\node_modules\\jest-circus\\build\\jestAdapterInit.js:947:3)\n    at E:\\Project\\admin_store\\admin_orderlist\\backend\\node_modules\\jest-circus\\build\\jestAdapterInit.js:849:7\n    at _runTestsForDescribeBlock (E:\\Project\\admin_store\\admin_orderlist\\backend\\node_modules\\jest-circus\\build\\jestAdapterInit.js:862:11)\n    at _runTestsForDescribeBlock (E:\\Project\\admin_store\\admin_orderlist\\backend\\node_modules\\jest-circus\\build\\jestAdapterInit.js:857:11)\n    at _runTestsForDescribeBlock (E:\\Project\\admin_store\\admin_orderlist\\backend\\node_modules\\jest-circus\\build\\jestAdapterInit.js:857:11)\n    at run (E:\\Project\\admin_store\\admin_orderlist\\backend\\node_modules\\jest-circus\\build\\jestAdapterInit.js:761:3)\n    at runAndTransformResultsToJestFormat (E:\\Project\\admin_store\\admin_orderlist\\backend\\node_modules\\jest-circus\\build\\jestAdapterInit.js:1918:21)\n    at jestAdapter (E:\\Project\\admin_store\\admin_orderlist\\backend\\node_modules\\jest-circus\\build\\runner.js:101:19)\n    at runTestInternal (E:\\Project\\admin_store\\admin_orderlist\\backend\\node_modules\\jest-runner\\build\\testWorker.js:275:16)\n    at runTest (E:\\Project\\admin_store\\admin_orderlist\\backend\\node_modules\\jest-runner\\build\\testWorker.js:343:7)\n    at Object.worker (E:\\Project\\admin_store\\admin_orderlist\\backend\\node_modules\\jest-runner\\build\\testWorker.js:497:12)"],"fullName":"qr (URL builders + fetcher) fetchQrImageBytes — cache Khác args → URL khác → không hit cache","invocations":1,"location":null,"numPassingAsserts":0,"retryReasons":[],"startAt":1783797593664,"status":"failed","title":"Khác args → URL khác → không hit cache"}],"endTime":1783797593738,"message":"  ● qr (URL builders + fetcher) › buildQrProviderUrls › Có bank + acc → trả 2 provider URLs (vietqr.io, sepay.vn)\n\n    Cannot find module './dnsHelpers' from 'src/domains/notifications/telegram/services/qr.js'\n\n    \u001b[0m \u001b[90m 11 |\u001b[39m \u001b[36mconst\u001b[39m { \u001b[33mURL\u001b[39m } \u001b[33m=\u001b[39m require(\u001b[32m\"url\"\u001b[39m)\u001b[33m;\u001b[39m\n     \u001b[90m 12 |\u001b[39m\n    \u001b[31m\u001b[1m>\u001b[22m\u001b[39m\u001b[90m 13 |\u001b[39m \u001b[36mconst\u001b[39m { preferIpv4Lookup } \u001b[33m=\u001b[39m require(\u001b[32m\"./dnsHelpers\"\u001b[39m)\u001b[33m;\u001b[39m\n     \u001b[90m    |\u001b[39m                              \u001b[31m\u001b[1m^\u001b[22m\u001b[39m\n     \u001b[90m 14 |\u001b[39m\n     \u001b[90m 15 |\u001b[39m \u001b[36mconst\u001b[39m \u001b[33mVIETQR_IMAGE_TEMPLATE\u001b[39m \u001b[33m=\u001b[39m \u001b[32m\"compact2\"\u001b[39m\u001b[33m;\u001b[39m\n     \u001b[90m 16 |\u001b[39m\u001b[0m\n\n      at Resolver._throwModNotFoundError (node_modules/jest-resolve/build/index.js:863:11)\n      at Object.require (src/domains/notifications/telegram/services/qr.js:13:30)\n      at require (tests/jest/services/telegram/qr.test.js:13:10)\n      at Object.requireFreshQr (tests/jest/services/telegram/qr.test.js:19:39)\n\n  ● qr (URL builders + fetcher) › buildQrProviderUrls › Thiếu bank hoặc acc → trả mảng rỗng\n\n    Cannot find module './dnsHelpers' from 'src/domains/notifications/telegram/services/qr.js'\n\n    \u001b[0m \u001b[90m 11 |\u001b[39m \u001b[36mconst\u001b[39m { \u001b[33mURL\u001b[39m } \u001b[33m=\u001b[39m require(\u001b[32m\"url\"\u001b[39m)\u001b[33m;\u001b[39m\n     \u001b[90m 12 |\u001b[39m\n    \u001b[31m\u001b[1m>\u001b[22m\u001b[39m\u001b[90m 13 |\u001b[39m \u001b[36mconst\u001b[39m { preferIpv4Lookup } \u001b[33m=\u001b[39m require(\u001b[32m\"./dnsHelpers\"\u001b[39m)\u001b[33m;\u001b[39m\n     \u001b[90m    |\u001b[39m                              \u001b[31m\u001b[1m^\u001b[22m\u001b[39m\n     \u001b[90m 14 |\u001b[39m\n     \u001b[90m 15 |\u001b[39m \u001b[36mconst\u001b[39m \u001b[33mVIETQR_IMAGE_TEMPLATE\u001b[39m \u001b[33m=\u001b[39m \u001b[32m\"compact2\"\u001b[39m\u001b[33m;\u001b[39m\n     \u001b[90m 16 |\u001b[39m\u001b[0m\n\n      at Resolver._throwModNotFoundError (node_modules/jest-resolve/build/index.js:863:11)\n      at Object.require (src/domains/notifications/telegram/services/qr.js:13:30)\n      at require (tests/jest/services/telegram/qr.test.js:13:10)\n      at Object.requireFreshQr (tests/jest/services/telegram/qr.test.js:39:39)\n\n  ● qr (URL builders + fetcher) › buildQrProviderUrls › Không có amount → không thêm tham số amount\n\n    Cannot find module './dnsHelpers' from 'src/domains/notifications/telegram/services/qr.js'\n\n    \u001b[0m \u001b[90m 11 |\u001b[39m \u001b[36mconst\u001b[39m { \u001b[33mURL\u001b[39m } \u001b[33m=\u001b[39m require(\u001b[32m\"url\"\u001b[39m)\u001b[33m;\u001b[39m\n     \u001b[90m 12 |\u001b[39m\n    \u001b[31m\u001b[1m>\u001b[22m\u001b[39m\u001b[90m 13 |\u001b[39m \u001b[36mconst\u001b[39m { preferIpv4Lookup } \u001b[33m=\u001b[39m require(\u001b[32m\"./dnsHelpers\"\u001b[39m)\u001b[33m;\u001b[39m\n     \u001b[90m    |\u001b[39m                              \u001b[31m\u001b[1m^\u001b[22m\u001b[39m\n     \u001b[90m 14 |\u001b[39m\n     \u001b[90m 15 |\u001b[39m \u001b[36mconst\u001b[39m \u001b[33mVIETQR_IMAGE_TEMPLATE\u001b[39m \u001b[33m=\u001b[39m \u001b[32m\"compact2\"\u001b[39m\u001b[33m;\u001b[39m\n     \u001b[90m 16 |\u001b[39m\u001b[0m\n\n      at Resolver._throwModNotFoundError (node_modules/jest-resolve/build/index.js:863:11)\n      at Object.require (src/domains/notifications/telegram/services/qr.js:13:30)\n      at require (tests/jest/services/telegram/qr.test.js:13:10)\n      at Object.requireFreshQr (tests/jest/services/telegram/qr.test.js:46:39)\n\n  ● qr (URL builders + fetcher) › fetchQrImageBytes — orchestration › Provider 1 OK → trả buffer ngay, không gọi provider 2\n\n    Cannot find module './dnsHelpers' from 'src/domains/notifications/telegram/servic
[...]
reMessages":[],"fullName":"Dashboard 6-case payment policy (100k order) Case 4: webhook 45k rồi 55k → lần 2 đủ tổng, không off-flow","invocations":1,"location":null,"numPassingAsserts":6,"retryReasons":[],"startAt":1783797596422,"status":"passed","title":"Case 4: webhook 45k rồi 55k → lần 2 đủ tổng, không off-flow"},{"ancestorTitles":["Dashboard 6-case payment policy (100k order)"],"duration":0,"failing":false,"failureDetails":[],"failureMessages":[],"fullName":"Dashboard 6-case payment policy (100k order) Case 5: sau 100k đủ (2 webhook), lần 3 +50k — toàn bộ vào off-flow về mặt policy nếu coi tích luỹ 150k (phần doanh thu đơn đã khóa ở 100k)","invocations":1,"location":null,"numPassingAsserts":4,"retryReasons":[],"startAt":1783797596424,"status":"passed","title":"Case 5: sau 100k đủ (2 webhook), lần 3 +50k — toàn bộ vào off-flow về mặt policy nếu coi tích luỹ 150k (phần doanh thu đơn đã khóa ở 100k)"},{"ancestorTitles":["Dashboard 6-case payment policy (100k order)"],"duration":1,"failing":false,"failureDetails":[],"failureMessages":[],"fullName":"Dashboard 6-case payment policy (100k order) Case 6: hai webhook 30k+30k = 60k → chưa đủ → giữ Chưa Thanh Toán","invocations":1,"location":null,"numPassingAsserts":4,"retryReasons":[],"startAt":1783797596424,"status":"passed","title":"Case 6: hai webhook 30k+30k = 60k → chưa đủ → giữ Chưa Thanh Toán"}],"endTime":1783797596425,"message":"","name":"E:\\Project\\admin_store\\admin_orderlist\\backend\\tests\\jest\\order\\dashboardSixCasePaymentPolicy.test.js","startTime":1783797596334,"status":"passed","summary":""},{"assertionResults":[{"ancestorTitles":["appConfig CORS origins"],"duration":14,"failing":false,"failureDetails":[],"failureMessages":[],"fullName":"appConfig CORS origins normalizes configured origins and removes duplicates","invocations":1,"location":null,"numPassingAsserts":2,"retryReasons":[],"startAt":1783797596412,"status":"passed","title":"normalizes configured origins and removes duplicates"},{"ancestorTitles":["appConfig CORS origins"],"duration":2,"failing":false,"failureDetails":[],"failureMessages":[],"fullName":"appConfig CORS origins in non-production, unions local storefront/admin dev origins for FRONTEND_ORIGINS","invocations":1,"location":null,"numPassingAsserts":1,"retryReasons":[],"startAt":1783797596426,"status":"passed","title":"in non-production, unions local storefront/admin dev origins for FRONTEND_ORIGINS"}],"endTime":1783797596428,"message":"","name":"E:\\Project\\admin_store\\admin_orderlist\\backend\\tests\\jest\\config\\appConfig.test.js","startTime":1783797596353,"status":"passed","summary":""},{"assertionResults":[{"ancestorTitles":["renew-adobe email helper"],"duration":6,"failing":false,"failureDetails":[],"failureMessages":[],"fullName":"renew-adobe email helper normalizes email by trimming and lowercasing","invocations":1,"location":null,"numPassingAsserts":2,"retryReasons":[],"startAt":1783797596386,"status":"passed","title":"normalizes email by trimming and lowercasing"},{"ancestorTitles":["renew-adobe email helper"],"duration":1,"failing":false,"failureDetails":[],"failureMessages":[],"fullName":"renew-adobe email helper assertValidEmail returns normalized email","invocations":1,"location":null,"numPassingAsserts":1,"retryReasons":[],"startAt":1783797596392,"status":"passed","title":"assertValidEmail returns normalized email"},{"ancestorTitles":["renew-adobe email helper"],"duration":38,"failing":false,"failureDetails":[],"failureMessages":[],"fullName":"renew-adobe email helper assertValidEmail throws 400 for invalid email","invocations":1,"location":null,"numPassingAsserts":2,"retryReasons":[],"startAt":1783797596393,"status":"passed","title":"assertValidEmail throws 400 for invalid email"}],"endTime":1783797596432,"message":"","name":"E:\\Project\\admin_store\\admin_orderlist\\backend\\tests\\jest\\domains\\renew-adobe\\emailHelper.test.js","startTime":1783797596300,"status":"passed","summary":""},{"assertionResults":[{"ancestorTitles":["shared primitive normalizers"],"duration":2,"failing":false,"failureDetails":[],"failureMessages":[],"fullName":"shared primitive normalizers normalizeOptionalText(null)","invocations":1,"location":null,"numPassingAsserts":1,"retryReasons":[],"startAt":1783797596427,"status":"passed","title":"normalizeOptionalText(null)"},{"ancestorTitles":["shared primitive normalizers"],"duration":0,"failing":false,"failureDetails":[],"failureMessages":[],"fullName":"shared primitive normalizers normalizeOptionalText(undefined)","invocations":1,"location":null,"numPassingAsserts":1,"retryReasons":[],"startAt":1783797596429,"status":"passed","title":"normalizeOptionalText(undefined)"},{"ancestorTitles":["shared primitive normalizers"],"duration":1,"failing":false,"failureDetails":[],"failureMessages":[],"fullName":"shared primitive normalizers normalizeOptionalText(\"\")","invocations":1,"location":null,"numPassingAsserts":1,"retryReasons":[],"startAt":1783797596429,"status":"passed","title":"normalizeOptionalText(\"\")"},{"ancestorTitles":["shared primitive normalizers"],"duration":0,"failing":false,"failureDetails":[],"failureMessages":[],"fullName":"shared primitive normalizers normalizeOptionalText(\"   \")","invocations":1,"location":null,"numPassingAsserts":1,"retryReasons":[],"startAt":1783797596430,"status":"passed","title":"normalizeOptionalText(\"   \")"},{"ancestorTitles":["shared primitive normalizers"],"duration":0,"failing":false,"failureDetails":[],"failureMessages":[],"fullName":"shared primitive normalizers normalizeOptionalText(\" value \")","invocations":1,"location":null,"numPassingAsserts":1,"retryReasons":[],"startAt":1783797596430,"status":"passed","title":"normalizeOptionalText(\" value \")"},{"ancestorTitles":["shared primitive normalizers"],"duration":1,"failing":false,"failureDetails":[],"failureMessages":[],"fullName":"shared primitive normalizers normalizeBoolean(true, false)","invocations":1,"location":null,"numPassingAsserts":1,"retryReasons":[],"startAt":1783797596430,"status":"passed","title":"normalizeBoolean(true, false)"},{"ancestorTitles":["shared primitive normalizers"],"duration":0,"failing":false,"failureDetails":[],"failureMessages":[],"fullName":"shared primitive normalizers normalizeBoolean(false, true)","invocations":1,"location":null,"numPassingAsserts":1,"retryReasons":[],"startAt":1783797596431,"status":"passed","title":"normalizeBoolean(false, true)"},{"ancestorTitles":["shared primitive normalizers"],"duration":0,"failing":false,"failureDetails":[],"failureMessages":[],"fullName":"shared primitive normalizers normalizeBoolean(\"yes\", false)","invocations":1,"location":null,"numPassingAsserts":1,"retryReasons":[],"startAt":1783797596431,"status":"passed","title":"normalizeBoolean(\"yes\", false)"},{"ancestorTitles":["shared primitive normalizers"],"duration":1,"failing":false,"failureDetails":[],"failureMessages":[],"fullName":"shared primitive normalizers normalizeBoolean(\"1\", false)","invocations":1,"location":null,"numPassingAsserts":1,"retryReasons":[],"startAt":1783797596431,"status":"passed","title":"normalizeBoolean(\"1\", false)"},{"ancestorTitles":["shared primitive normalizers"],"duration":0,"failing":false,"failureDetails":[],"failureMessages":[],"fullName":"shared primitive normalizers normalizeBoolean(\"no\", true)","invocations":1,"location":null,"numPassingAsserts":1,"retryReasons":[],"startAt":1783797596432,"status":"passed","title":"normalizeBoolean(\"no\", true)"},{"ancestorTitles":["shared primitive normalizers"],"duration":0,"failing":false,"failureDetails":[],"failureMessages":[],"fullName":"shared primitive normalizers normalizeBoolean(\"0\", true)","invocations":1,"location":null,"numPassingAsserts":1,"retryReasons":[],"startAt":1783797596432,"status":"passed","title":"normalizeBoolean(\"0\", true)"},{"ancestorTitles":["shared primitive normalizers"],"duration":0,"failing":false,"failureDetails":[],"failureMessages":[],"fullName":"shared primitive normalizers normalizeBoolean(\"unknown\", true)","invocations":1,"location":null,"numPassingAsserts":1,"retryReasons":[],"startAt":1783797596432,"status":"passed","title":"normalizeBoolean(\"unknown\", true)"},{"ancestorTitles":["shared primitive normalizers"],"duration":0,"failing":false,"failureDetails":[],"failureMessages":[],"fullName":"shared primitive normalizers normalizeBoolean(undefined, false)","invocations":1,"location":null,"numPassingAsserts":1,"retryReasons":[],"startAt":1783797596432,"status":"passed","title":"normalizeBoolean(undefined, false)"}],"endTime":1783797596433,"message":"","name":"E:\\Project\\admin_store\\admin_orderlist\\backend\\tests\\jest\\shared\\primitives.test.js","startTime":1783797596311,"status":"passed","summary":""},{"assertionResults":[{"ancestorTitles":["Rate Limiter Middleware","apiLimiter"],"duration":4,"failing":false,"failureDetails":[],"failureMessages":[],"fullName":"Rate Limiter Middleware apiLimiter should allow requests within limit","invocations":1,"location":null,"numPassingAsserts":0,"retryReasons":[],"startAt":1783797596430,"status":"passed","title":"should allow requests within limit"},{"ancestorTitles":["Rate Limiter Middleware","apiLimiter"],"duration":2,"failing":false,"failureDetails":[],"failureMessages":[],"fullName":"Rate Limiter Middleware apiLimiter should block requests exceeding limit","invocations":1,"location":null,"numPassingAsserts":0,"retryReasons":[],"startAt":1783797596434,"status":"passed","title":"should block requests exceeding limit"},{"ancestorTitles":["Rate Limiter Middleware","authLimiter"],"duration":1,"failing":false,"failureDetails":[],"failureMessages":[],"fullName":"Rate Limiter Middleware authLimiter should allow 5 login attempts per 15 minutes","invocations":1,"location":null,"numPassingAsserts":0,"retryReasons":[],"startAt":1783797596436,"status":"passed","title":"should allow 5 login attempts per 15 minutes"},{"ancestorTitles":["Rate Limiter Middleware","authLimiter"],"duration":0,"failing":false,"failureDetails":[],"failureMessages":[],"fullName":"Rate Limiter Middleware authLimiter should block after 5 failed attempts","invocations":1,"location":null,"numPassingAsserts":0,"retryReasons":[],"startAt":1783797596437,"status":"passed","title":"should block after 5 failed attempts"}],"endTime":1783797596438,"message":"","name":"E:\\Project\\admin_store\\admin_orderlist\\backend\\tests\\jest\\middleware\\rateLimiter.test.js","startTime":1783797595992,"status":"passed","summary":""},{"assertionResults":[{"ancestorTitles":["shared money normalizers"],"duration":3,"failing":false,"failureDetails":[],"failureMessages":[],"fullName":"shared money normalizers normalizes 1000 to 1000","invocations":1,"location":null,"numPassingAsserts":1,"retryReasons":[],"startAt":1783797596452,"status":"passed","title":"normalizes 1000 to 1000"},{"ancestorTitles":["shared money normalizers"],"duration":0,"failing":false,"failureDetails":[],"failureMessages":[],"fullName":"shared money normalizers normalizes 1000.4 to 1000","invocations":1,"location":null,"numPassingAsserts":1,"retryReasons":[],"startAt":1783797596455,"status":"passed","title":"normalizes 1000.4 to 1000"},{"ancestorTitles":["shared money normalizers"],"duration":0,"failing":false,"failureDetails":[],"failureMessages":[],"fullName":"shared money normalizers normalizes 1000.5 to 1001","invocations":1,"location":null,"numPassingAsserts":1,"retryReasons":[],"startAt":1783797596456,"status":"passed","title":"normalizes 1000.5 to 1001"},{"ancestorTitles":["shared money normalizers"],"duration":0,"failing":false,"failureDetails":[],"failureMessages":[],"fullName":"shared money normalizers normalizes \"1,234,567\" to 1234567","invocations":1,"location":null,"numPassingAsserts":1,"retryReasons":[],"startAt":1783797596456,"status":"passed","title":"normalizes \"1,234,567\" to 1234567"},{"ancestorTitles":["shared money normalizers"],"duration":1,"failing":false,"failureDetails":[],"failureMessages":[],"fullName":"shared money normalizers normalizes \" 1,234 VND \" to 1234","invocations":1,"location":null,"numPassingAsserts":1,"retryReasons":[],"startAt":1783797596456,"status":"passed","title":"normalizes \" 1,234 VND \" to 1234"},{"ancestorTitles":["shared money normalizers"],"duration":0,"failing":false,"failureDetails":[],"failureMessages":[],"fullName":"shared money normalizers normalizes \"abc 12.6 đ\" to 13","invocations":1,"location":null,"numPassingAsserts":1,"retryReasons":[],"startAt":1783797596457,"status":"passed","title":"normalizes \"abc 12.6 đ\" to 13"},{"ancestorTitles":["shared money normalizers"],"duration":0,"failing":false,"failureDetails":[],"failureMessages":[],"fullName":"shared money normalizers normalizes null to 0","invocations":1,"location":null,"numPassingAsserts":1,"retryReasons":[],"startAt":1783797596457,"status":"passed","title":"normalizes null to 0"},{"ancestorTitles":["shared money normalizers"],"duration":1,"failing":false,"failureDetails":[],"failureMessages":[],"fullName":"shared money normalizers normalizes undefined to 0","invocations":1,"location":null,"numPassingAsserts":1,"retryReasons":[],"startAt":1783797596457,"status":"passed","title":"normalizes undefined to 0"},{"ancestorTitles":["shared money normalizers"],"duration":0,"failing":false,"failureDetails":[],"failureMessages":[],"fullName":"shared money normalizers normalizes \"\" to 0","invocations":1,"location":null,"numPassingAsserts":1,"retryReasons":[],"startAt":1783797596458,"status":"passed","title":"normalizes \"\" to 0"},{"ancestorTitles":["shared money normalizers"],"duration":0,"failing":false,"failureDetails":[],"failureMessages":[],"fullName":"shared money normalizers normalizes \"invalid\" to 0","invocations":1,"location":null,"numPassingAsserts":1,"retryReasons":[],"startAt":1783797596458,"status":"passed","title":"normalizes \"invalid\" to 0"},{"ancestorTitles":["shared money normalizers"],"duration":0,"failing":false,"failureDetails":[],"failureMessages":[],"fullName":"shared money normalizers clamps negative integer VND amounts for -1000","invocations":1,"location":null,"numPassingAsserts":1,"retryReasons":[],"startAt":1783797596458,"status":"passed","title":"clamps negative integer VND amounts for -1000"},{"ancestorTitles":["shared money normalizers"],"duration":1,"failing":false,"failureDetails":[],"failureMessages":[],"fullName":"shared money normalizers clamps negative integer VND amounts for \"-1,250\"","invocations":1,"location":null,"numPassingAsserts":1,"retryReasons":[],"startAt":1783797596458,"status":"passed","title":"clamps negative integer VND amounts for \"-1,250\""},{"ancestorTitles":["shared money normalizers"],"duration":0,"failing":false,"failureDetails":[],"failureMessages":[],"fullName":"shared money normalizers clamps negative integer VND amounts for \"500.6\"","invocations":1,"location":null,"numPassingAsserts":1,"retryReasons":[],"startAt":1783797596459,"status":"passed","title":"clamps negative integer VND amounts for \"500.6\""},{"ancestorTitles":["shared money normalizers"],"duration":0,"failing":false,"failureDetails":[],"failureMessages":[],"fullName":"shared money normalizers clamps negative integer VND amounts for \"invalid\"","invocations":1,"location":null,"numPassingAsserts":1,"retryReasons":[],"startAt":1783797596459,"status":"passed","title":"clamps negative integer VND amounts for \"invalid\""}],"endTime":1783797596460,"message":"","name":"E:\\Project\\admin_store\\admin_orderlist\\backend\\tests\\jest\\shared\\money\\normalizers.test.js","startTime":1783797596358,"status":"passed","summary":""},{"assertionResults":[{"ancestorTitles":["dbSchema supplier_cost"],"duration":1,"failing":false,"failureDetails":[],"failureMessages":[],"fullName":"dbSchema supplier_cost SUPPLIER_COST uses variant_id column","invocations":1,"location":null,"numPassingAsserts":4,"retryReasons":[],"startAt":1783797596466,"status":"passed","title":"SUPPLIER_COST uses variant_id column"},{"ancestorTitles":["dbSchema supplier_cost"],"duration":1,"failing":false,"failureDetails":[],"failureMessages":[],"fullName":"dbSchema supplier_cost PARTNER_SCHEMA.SUPPLIER_COST.COLS has VARIANT_ID","invocations":1,"location":null,"numPassingAsserts":2,"retryReasons":[],"startAt":1783797596467,"status":"passed","title":"PARTNER_SCHEMA.SUPPLIER_COST.COLS has VARIANT_ID"}],"endTime":1783797596468,"message":"","name":"E:\\Project\\admin_store\\admin_orderlist\\backend\\tests\\jest\\config\\dbSchema.supplierCost.test.js","startTime":1783797596393,"status":"passed","summary":""},{"assertionResults":[{"ancestorTitles":["transactionCodeService"],"duration":2,"failing":false,"failureDetails":[],"failureMessages":[],"fullName":"transactionCodeService generates fixed-length alphanumeric codes","invocations":1,"location":null,"numPassingAsserts":2,"retryReasons":[],"startAt":1783797596484,"status":"passed","title":"generates fixed-length alphanumeric codes"},{"ancestorTitles":["transactionCodeService"],"duration":0,"failing":false,"failureDetails":[],"failureMessages":[],"fullName":"transactionCodeService normalizeTransactionCode accepts only exact length","invocations":1,"location":null,"numPassingAsserts":3,"retryReasons":[],"startAt":1783797596486,"status":"passed","title":"normalizeTransactionCode accepts only exact length"}],"endTime":1783797596487,"message":"","name":"E:\\Project\\admin_store\\admin_orderlist\\backend\\tests\\jest\\services\\transactionCodeService.test.js","startTime":1783797595757,"status":"passed","summary":""},{"assertionResults":[{"ancestorTitles":["auth CSRF protection"],"duration":27,"failing":false,"failureDetails":[],"failureMessages":[],"fullName":"auth CSRF protection blocks POST /api/auth/logout without CSRF token","invocations":1,"location":null,"numPassingAsserts":2,"retryReasons":[],"startAt":1783797600954,"status":"passed","title":"blocks POST /api/auth/logout without CSRF token"},{"ancestorTitles":["auth CSRF protection"],"duration":39,"failing":false,"failureDetails":[],"failureMessages":[],"fullName":"auth CSRF protection allows POST /api/auth/logout with valid CSRF token","invocations":1,"location":null,"numPassingAsserts":2,"retryReasons":[],"startAt":1783797600982,"status":"passed","title":"allows POST /api/auth/logout with valid CSRF token"},{"ancestorTitles":["auth CSRF protection"],"duration":38,"failing":false,"failureDetails":[],"failureMessages":[],"fullName":"auth CSRF protection keeps POST /api/auth/login CSRF-exempt for current flow","invocations":1,"location":null,"numPassingAsserts":2,"retryReasons":[],"startAt":1783797601021,"status":"passed","title":"keeps POST /api/auth/login CSRF-exempt for current flow"},{"ancestorTitles":["auth CSRF protection"],"duration":5,"failing":false,"failureDetails":[],"failureMessages":[],"fullName":"auth CSRF protection requires CSRF for POST /api/auth/change-password","invocations":1,"location":null,"numPassingAsserts":2,"retryReasons":[],"startAt":1783797601059,"status":"passed","title":"requires CSRF for POST /api/auth/change-password"}],"endTime":1783797601065,"message":"","name":"E:\\Project\\admin_store\\admin_orderlist\\backend\\tests\\jest\\csrf.auth.test.js","startTime":1783797592981,"status":"passed","summary":""},{"assertionResults":[{"ancestorTitles":["POST /api/auth/change-password CSRF + success flow"],"duration":7259,"failing":false,"failureDetails":[],"failureMessages":[],"fullName":"POST /api/auth/change-password CSRF + success flow blocks missing CSRF token and allows valid CSRF token for authenticated change-password","invocations":1,"location":null,"numPassingAsserts":11,"retryReasons":[],"startAt":1783797593820,"status":"passed","title":"blocks missing CSRF token and allows valid CSRF token for authenticated change-password"}],"endTime":1783797601080,"message":"","name":"E:\\Project\\admin_store\\admin_orderlist\\backend\\tests\\jest\\domains\\auth\\changePassword.csrf.integration.test.js","startTime":1783797592965,"status":"passed","summary":""}],"wasInterrupted":false}
